
<!DOCTYPE html>
<html>


<head>
	<meta charset='utf-8' /> 
	<meta name='description' content='' />
	<meta name='robots' content='noodp, noydir' />
	<meta name='viewport' content='width=device-width, initial-scale=1' />
	<meta id="timeStampFormat" name="timeStampFormat" content='MMM d, yyyy hh:mm:ss a'/>
	
	<link href='https://fonts.googleapis.com/css?family=Source+Sans+Pro:400,600' rel='stylesheet' type='text/css'>
	<link href="https://fonts.googleapis.com/icon?family=Material+Icons" rel="stylesheet">

		<link href='https://cdn.rawgit.com/anshooarora/extentreports-java/b4a58fcfd1e137bd9287244035a7c80d3d73b3af/dist/css/extent.css' type='text/css' rel='stylesheet' />
	
	<title>ExtentReports</title>

	<style type='text/css'>
	</style>
</head>

	<body class='extent standard default hide-overflow '>
		<div id='theme-selector' alt='Click to toggle theme. To enable by default, use theme configuration.' title='Click to toggle theme. To enable by default, use theme configuration.'>
			<span><i class='material-icons'>desktop_windows</i></span>
		</div>

<nav>
	<div class="nav-wrapper">
		<a href="#!" class="brand-logo blue darken-3">Extent</a>

		<!-- slideout menu -->
		<ul id='slide-out' class='side-nav fixed hide-on-med-and-down'>
			<li class='waves-effect active'><a href='#!' view='test-view' onclick="configureView(0);chartsView('test');"><i class='material-icons'>dashboard</i></a></li>
						<li class='waves-effect'><a href='#!' view='exception-view' onclick="configureView(2)"><i class='material-icons'>bug_report</i></a></li>
			<li class='waves-effect'><a href='#!' onclick="configureView(-1);chartsView('dashboard');" view='dashboard-view'><i class='material-icons'>track_changes</i></i></a></li>
		</ul>

		<!-- report name -->
		<span class='report-name'>ExtentReports</span>
		
		<!-- report headline -->
		<span class='report-headline'></span>

		<!-- nav-right -->
		<ul id='nav-mobile' class='right hide-on-med-and-down nav-right'>
			<li>
                <a href='#!'>
                    <span class='label suite-start-time blue darken-3'>Jun 20, 2023 02:00:27 PM</span>
				</a>
			</li>
			<li>
                <a href='#!'>
                    <span class='label blue darken-3'>3.1.3</span>
				</a>
			</li>
		</ul>
	</div>
</nav>

		<!-- container -->
		<div class='container'>

<div id='test-view' class='view'>
				
	<section id='controls'>
		<div class='controls grey lighten-4'>
			<!-- test toggle -->
			<div class='chip transparent'>
				<a class='dropdown-button tests-toggle' data-activates='tests-toggle' data-constrainwidth='true' data-beloworigin='true' data-hover='true' href='#'>
					<i class='material-icons'>warning</i> Status
				</a>
				<ul id='tests-toggle' class='dropdown-content'>
											<li status='pass'><a href='#!'>Pass <i class='material-icons green-text'>check_circle</i></a></li>
						<li status='fail'><a href='#!'>Fail <i class='material-icons red-text'>cancel</i></a></li>
					<li class='divider'></li>
					<li status='clear' clear='true'><a href='#!'>Clear Filters <i class='material-icons'>clear</i></a></li>
				</ul>
			</div>
			<!-- test toggle -->

			<!-- category toggle -->
			<!-- category toggle -->

			<!-- clear filters -->
			<div class='chip transparent hide'>
				<a class='' id='clear-filters' alt='Clear Filters' title='Clear Filters'>
					<i class='material-icons'>close</i> Clear
				</a>
			</div>
			<!-- clear filters -->

			<!-- enable dashboard -->
			<div id='toggle-test-view-charts' class='chip transparent'>
				<a class='pink-text' id='enable-dashboard' alt='Enable Dashboard' title='Enable Dashboard'>
					<i class='material-icons'>track_changes</i> Dashboard
				</a>
			</div>
			<!-- enable dashboard -->

			<!-- search -->
			<div class='chip transparent' alt='Search Tests' title='Search Tests'>
				<a href="#" class='search-div'>
					<i class='material-icons'>search</i> Search
				</a>

				<div class='input-field left hide'>
					<input id='search-tests' type='text' class='validate browser-default' placeholder='Search Tests...'>
				</div>
				
			</div>
			<!-- search -->
		</div>
	</section>


<div id='test-view-charts' class='subview-full'>
	<div id='charts-row' class='row nm-v nm-h'>
		<div class='col s12 m6 l6 np-h'>
			<div class='card-panel nm-v'>
				<div class='left panel-name'>Tests</div>
				<div class='chart-box'>
					<canvas id='parent-analysis' width='100' height='80'></canvas>
				</div>
				<div class='block text-small'>
					<span class='tooltipped' data-position='top' data-tooltip='84.615%'><span class='strong'>11</span> test(s) passed</span>
				</div>
				<div class='block text-small'>
					<span class='strong tooltipped' data-position='top' data-tooltip='15.385%'>2</span> test(s) failed, <span class='strong tooltipped' data-position='top' data-tooltip='0%'>0</span> others
				</div>
			</div>
		</div>
		
		<div class='col s12 m6 l6 np-h'>
			<div class='card-panel nm-v'>
				<div class='left panel-name'>Steps</div>
				<div class='chart-box'>
					<canvas id='child-analysis' width='100' height='80'></canvas>
				</div>
				<div class='block text-small'>
					<span class='tooltipped' data-position='top' data-tooltip='88.362%'><span class='strong'>205</span> step(s) passed</span>
				</div>
				<div class='block text-small'>
					<span class='strong tooltipped' data-position='top' data-tooltip='1.293%'>3</span> step(s) failed, <span class='strong tooltipped' data-position='top' data-tooltip='10.345%'>24</span> others
				</div>
			</div>
		</div>
		
	</div>
</div>

	<div class='subview-left left'>
		
		<div class='view-summary'>
			<h5>Tests</h5>
			<ul id='test-collection' class='test-collection'>
				
				
				<li class='test displayed active  pass' status='pass' bdd='false' test-id='1'>
					<div class='test-heading'>
						<span class='test-name'>TestCase16_ValidateCountOfAssignedDatabasesAndAssignedRolesOnManageCostcentersScreen</span>
						<span class='test-time'>Jun 20, 2023 02:00:54 PM</span>
						<span class='test-status right pass'>pass</span>
					</div>
					<div class='test-content hide'>
<div class='test-time-info'>
	<span class='label start-time'>Jun 20, 2023 02:00:54 PM</span>
	<span class='label end-time'>Jun 20, 2023 02:04:11 PM</span>
	<span class='label time-taken grey lighten-1 white-text'>0h 3m 16s+322ms</span>
</div>
	<div class='test-steps'>
		<table class='bordered table-results'>
			<thead>
				<tr>
					<th>Status</th>
					<th>Timestamp</th>
					<th>Details</th>
				</tr>
			</thead>
			<tbody>
				<tr class='log' status='info'>
					<td class='status info' title='info' alt='info'><i class='material-icons'>info_outline</i></td>
					<td class='timestamp'>2:00:54 PM</td>
					<td class='step-details'>TestCase16_ValidateCountOfAssignedDatabasesAndAssignedRolesOnManageCostcentersScreen Execution Started</td>
				</tr>
				<tr class='log' status='pass'>
					<td class='status pass' title='pass' alt='pass'><i class='material-icons'>check_circle</i></td>
					<td class='timestamp'>2:00:55 PM</td>
					<td class='step-details'>Manage Costcenters button is clicked</td>
				</tr>
				<tr class='log' status='pass'>
					<td class='status pass' title='pass' alt='pass'><i class='material-icons'>check_circle</i></td>
					<td class='timestamp'>2:01:16 PM</td>
					<td class='step-details'>Clicked on Manage costcenter add button</td>
				</tr>
				<tr class='log' status='pass'>
					<td class='status pass' title='pass' alt='pass'><i class='material-icons'>check_circle</i></td>
					<td class='timestamp'>2:01:20 PM</td>
					<td class='step-details'>Save button is clicked successfully</td>
				</tr>
				<tr class='log' status='pass'>
					<td class='status pass' title='pass' alt='pass'><i class='material-icons'>check_circle</i></td>
					<td class='timestamp'>2:01:21 PM</td>
					<td class='step-details'>Costcenter 1CCALL5RO is already in the system! 
 Would you like to load the current configuration? is displayed</td>
				</tr>
				<tr class='log' status='pass'>
					<td class='status pass' title='pass' alt='pass'><i class='material-icons'>check_circle</i></td>
					<td class='timestamp'>2:01:26 PM</td>
					<td class='step-details'>Yes button on the Alert pop-up is clicked successfully</td>
				</tr>
				<tr class='log' status='pass'>
					<td class='status pass' title='pass' alt='pass'><i class='material-icons'>check_circle</i></td>
					<td class='timestamp'>2:01:26 PM</td>
					<td class='step-details'>The details matching the value of costcenter 1CCALL5Ro is already present, and is loaded as below:
 Costcenter: 1CCALL5Ro
 Sub Department: 11PT/STF
 Department: 11ITGIC
 Plant Matched: Test auto combi for All 5 roles-automation test data</td>
				</tr>
				<tr class='log' status='pass'>
					<td class='status pass' title='pass' alt='pass'><i class='material-icons'>check_circle</i></td>
					<td class='timestamp'>2:01:27 PM</td>
					<td class='step-details'>"Loaded successfully" snackbar Message is displayed</td>
				</tr>
				<tr class='log' status='pass'>
					<td class='status pass' title='pass' alt='pass'><i class='material-icons'>check_circle</i></td>
					<td class='timestamp'>2:01:32 PM</td>
					<td class='step-details'>TK6XEP41 Database is already enabled</td>
				</tr>
				<tr class='log' status='pass'>
					<td class='status pass' title='pass' alt='pass'><i class='material-icons'>check_circle</i></td>
					<td class='timestamp'>2:01:32 PM</td>
					<td class='step-details'>ZA2XAP08 DUMMY Database is already enabled</td>
				</tr>
				<tr class='log' status='pass'>
					<td class='status pass' title='pass' alt='pass'><i class='material-icons'>check_circle</i></td>
					<td class='timestamp'>2:01:32 PM</td>
					<td class='step-details'>Save button is clicked successfully</td>
				</tr>
				<tr class='log' status='pass'>
					<td class='status pass' title='pass' alt='pass'><i class='material-icons'>check_circle</i></td>
					<td class='timestamp'>2:01:33 PM</td>
					<td class='step-details'>Changes are done successfully for the costcenter 1CCALL5Ro</td>
				</tr>
				<tr class='log' status='pass'>
					<td class='status pass' title='pass' alt='pass'><i class='material-icons'>check_circle</i></td>
					<td class='timestamp'>2:01:33 PM</td>
					<td class='step-details'>Yes button on the Alert pop-up is clicked successfully</td>
				</tr>
				<tr class='log' status='pass'>
					<td class='status pass' title='pass' alt='pass'><i class='material-icons'>check_circle</i></td>
					<td class='timestamp'>2:01:33 PM</td>
					<td class='step-details'>The count of enabled database On Add/Edit Costcenter Screen is 2</td>
				</tr>
				<tr class='log' status='pass'>
					<td class='status pass' title='pass' alt='pass'><i class='material-icons'>check_circle</i></td>
					<td class='timestamp'>2:01:33 PM</td>
					<td class='step-details'>ManageCostCenter button is clicked successfully</td>
				</tr>
				<tr class='log' status='pass'>
					<td class='status pass' title='pass' alt='pass'><i class='material-icons'>check_circle</i></td>
					<td class='timestamp'>2:01:36 PM</td>
					<td class='step-details'>Database count 2 is displayed successfully for the costCenter 1CCALL5RO</td>
				</tr>
				<tr class='log' status='pass'>
					<td class='status pass' title='pass' alt='pass'><i class='material-icons'>check_circle</i></td>
					<td class='timestamp'>2:01:36 PM</td>
					<td class='step-details'>Navigated to UM Home page successfully</td>
				</tr>
				<tr class='log' status='pass'>
					<td class='status pass' title='pass' alt='pass'><i class='material-icons'>check_circle</i></td>
					<td class='timestamp'>2:01:36 PM</td>
					<td class='step-details'>Manage Map Role button is clicked successfully on Home page</td>
				</tr>
				<tr class='log' status='pass'>
					<td class='status pass' title='pass' alt='pass'><i class='material-icons'>check_circle</i></td>
					<td class='timestamp'>2:04:06 PM</td>
					<td class='step-details'>PLA-ADMIN is checked successfully for the costcenter 1CCALL5Ro</td>
				</tr>
				<tr class='log' status='pass'>
					<td class='status pass' title='pass' alt='pass'><i class='material-icons'>check_circle</i></td>
					<td class='timestamp'>2:04:06 PM</td>
					<td class='step-details'>PLA-RECALL is checked successfully for the costcenter 1CCALL5Ro</td>
				</tr>
				<tr class='log' status='pass'>
					<td class='status pass' title='pass' alt='pass'><i class='material-icons'>check_circle</i></td>
					<td class='timestamp'>2:04:06 PM</td>
					<td class='step-details'>PLA-REPORTING is checked successfully for the costcenter 1CCALL5Ro</td>
				</tr>
				<tr class='log' status='pass'>
					<td class='status pass' title='pass' alt='pass'><i class='material-icons'>check_circle</i></td>
					<td class='timestamp'>2:04:06 PM</td>
					<td class='step-details'>PLA-USER is checked successfully for the costcenter 1CCALL5Ro</td>
				</tr>
				<tr class='log' status='pass'>
					<td class='status pass' title='pass' alt='pass'><i class='material-icons'>check_circle</i></td>
					<td class='timestamp'>2:04:07 PM</td>
					<td class='step-details'>UM-ADMIN is checked successfully for the costcenter 1CCALL5Ro</td>
				</tr>
				<tr class='log' status='pass'>
					<td class='status pass' title='pass' alt='pass'><i class='material-icons'>check_circle</i></td>
					<td class='timestamp'>2:04:07 PM</td>
					<td class='step-details'>Save button is clicked on Map Roles Page</td>
				</tr>
				<tr class='log' status='pass'>
					<td class='status pass' title='pass' alt='pass'><i class='material-icons'>check_circle</i></td>
					<td class='timestamp'>2:04:09 PM</td>
					<td class='step-details'>The mapped roles count is 5 for costcenter:1CCALL5RO</td>
				</tr>
				<tr class='log' status='pass'>
					<td class='status pass' title='pass' alt='pass'><i class='material-icons'>check_circle</i></td>
					<td class='timestamp'>2:04:09 PM</td>
					<td class='step-details'>Navigated to UM Home page successfully</td>
				</tr>
				<tr class='log' status='pass'>
					<td class='status pass' title='pass' alt='pass'><i class='material-icons'>check_circle</i></td>
					<td class='timestamp'>2:04:09 PM</td>
					<td class='step-details'>Manage Costcenters button is clicked</td>
				</tr>
				<tr class='log' status='pass'>
					<td class='status pass' title='pass' alt='pass'><i class='material-icons'>check_circle</i></td>
					<td class='timestamp'>2:04:11 PM</td>
					<td class='step-details'>Test case Execution completed</td>
				</tr>
			</tbody>
		</table>
	</div>
					</div>
				</li>
				
				
				<li class='test displayed active  pass' status='pass' bdd='false' test-id='2'>
					<div class='test-heading'>
						<span class='test-name'>TestCase19_ValidateLogOutFromAllScreen</span>
						<span class='test-time'>Jun 20, 2023 02:04:38 PM</span>
						<span class='test-status right pass'>pass</span>
					</div>
					<div class='test-content hide'>
<div class='test-time-info'>
	<span class='label start-time'>Jun 20, 2023 02:04:38 PM</span>
	<span class='label end-time'>Jun 20, 2023 02:05:44 PM</span>
	<span class='label time-taken grey lighten-1 white-text'>0h 1m 6s+436ms</span>
</div>
	<div class='test-steps'>
		<table class='bordered table-results'>
			<thead>
				<tr>
					<th>Status</th>
					<th>Timestamp</th>
					<th>Details</th>
				</tr>
			</thead>
			<tbody>
				<tr class='log' status='info'>
					<td class='status info' title='info' alt='info'><i class='material-icons'>info_outline</i></td>
					<td class='timestamp'>2:04:38 PM</td>
					<td class='step-details'>TestCase19_ValidateLogOutFromAllScreen Execution Started</td>
				</tr>
				<tr class='log' status='pass'>
					<td class='status pass' title='pass' alt='pass'><i class='material-icons'>check_circle</i></td>
					<td class='timestamp'>2:04:38 PM</td>
					<td class='step-details'>Navigated to UM Home page successfully</td>
				</tr>
				<tr class='log' status='pass'>
					<td class='status pass' title='pass' alt='pass'><i class='material-icons'>check_circle</i></td>
					<td class='timestamp'>2:04:38 PM</td>
					<td class='step-details'>Manage User Button is clicked successfully on Home page</td>
				</tr>
				<tr class='log' status='pass'>
					<td class='status pass' title='pass' alt='pass'><i class='material-icons'>check_circle</i></td>
					<td class='timestamp'>2:04:40 PM</td>
					<td class='step-details'>User profile is clicked</td>
				</tr>
				<tr class='log' status='pass'>
					<td class='status pass' title='pass' alt='pass'><i class='material-icons'>check_circle</i></td>
					<td class='timestamp'>2:04:47 PM</td>
					<td class='step-details'>Logout is clicked successfully</td>
				</tr>
				<tr class='log' status='pass'>
					<td class='status pass' title='pass' alt='pass'><i class='material-icons'>check_circle</i></td>
					<td class='timestamp'>2:04:47 PM</td>
					<td class='step-details'>Logged out of the UM application successfully</td>
				</tr>
				<tr class='log' status='pass'>
					<td class='status pass' title='pass' alt='pass'><i class='material-icons'>check_circle</i></td>
					<td class='timestamp'>2:04:53 PM</td>
					<td class='step-details'>Navigated to UM Home page successfully</td>
				</tr>
				<tr class='log' status='pass'>
					<td class='status pass' title='pass' alt='pass'><i class='material-icons'>check_circle</i></td>
					<td class='timestamp'>2:04:53 PM</td>
					<td class='step-details'>Manage Map Role button is clicked successfully on Home page</td>
				</tr>
				<tr class='log' status='pass'>
					<td class='status pass' title='pass' alt='pass'><i class='material-icons'>check_circle</i></td>
					<td class='timestamp'>2:04:53 PM</td>
					<td class='step-details'>User profile is clicked</td>
				</tr>
				<tr class='log' status='pass'>
					<td class='status pass' title='pass' alt='pass'><i class='material-icons'>check_circle</i></td>
					<td class='timestamp'>2:04:57 PM</td>
					<td class='step-details'>Logout is clicked successfully</td>
				</tr>
				<tr class='log' status='pass'>
					<td class='status pass' title='pass' alt='pass'><i class='material-icons'>check_circle</i></td>
					<td class='timestamp'>2:04:57 PM</td>
					<td class='step-details'>Logged out of the UM application successfully</td>
				</tr>
				<tr class='log' status='pass'>
					<td class='status pass' title='pass' alt='pass'><i class='material-icons'>check_circle</i></td>
					<td class='timestamp'>2:05:03 PM</td>
					<td class='step-details'>Navigated to UM Home page successfully</td>
				</tr>
				<tr class='log' status='pass'>
					<td class='status pass' title='pass' alt='pass'><i class='material-icons'>check_circle</i></td>
					<td class='timestamp'>2:05:03 PM</td>
					<td class='step-details'>Manage Map Role button is clicked successfully on Home page</td>
				</tr>
				<tr class='log' status='pass'>
					<td class='status pass' title='pass' alt='pass'><i class='material-icons'>check_circle</i></td>
					<td class='timestamp'>2:05:04 PM</td>
					<td class='step-details'>User profile is clicked</td>
				</tr>
				<tr class='log' status='pass'>
					<td class='status pass' title='pass' alt='pass'><i class='material-icons'>check_circle</i></td>
					<td class='timestamp'>2:05:07 PM</td>
					<td class='step-details'>Logout is clicked successfully</td>
				</tr>
				<tr class='log' status='pass'>
					<td class='status pass' title='pass' alt='pass'><i class='material-icons'>check_circle</i></td>
					<td class='timestamp'>2:05:07 PM</td>
					<td class='step-details'>Logged out of the UM application successfully</td>
				</tr>
				<tr class='log' status='pass'>
					<td class='status pass' title='pass' alt='pass'><i class='material-icons'>check_circle</i></td>
					<td class='timestamp'>2:05:14 PM</td>
					<td class='step-details'>Navigated to UM Home page successfully</td>
				</tr>
				<tr class='log' status='pass'>
					<td class='status pass' title='pass' alt='pass'><i class='material-icons'>check_circle</i></td>
					<td class='timestamp'>2:05:14 PM</td>
					<td class='step-details'>Navigation to Manage Database page is successful</td>
				</tr>
				<tr class='log' status='pass'>
					<td class='status pass' title='pass' alt='pass'><i class='material-icons'>check_circle</i></td>
					<td class='timestamp'>2:05:15 PM</td>
					<td class='step-details'>User profile is clicked</td>
				</tr>
				<tr class='log' status='pass'>
					<td class='status pass' title='pass' alt='pass'><i class='material-icons'>check_circle</i></td>
					<td class='timestamp'>2:05:19 PM</td>
					<td class='step-details'>Logout is clicked successfully</td>
				</tr>
				<tr class='log' status='pass'>
					<td class='status pass' title='pass' alt='pass'><i class='material-icons'>check_circle</i></td>
					<td class='timestamp'>2:05:19 PM</td>
					<td class='step-details'>Logged out of the UM application successfully</td>
				</tr>
				<tr class='log' status='pass'>
					<td class='status pass' title='pass' alt='pass'><i class='material-icons'>check_circle</i></td>
					<td class='timestamp'>2:05:24 PM</td>
					<td class='step-details'>Navigated to UM Home page successfully</td>
				</tr>
				<tr class='log' status='pass'>
					<td class='status pass' title='pass' alt='pass'><i class='material-icons'>check_circle</i></td>
					<td class='timestamp'>2:05:25 PM</td>
					<td class='step-details'>Manage Costcenters button is clicked</td>
				</tr>
				<tr class='log' status='info'>
					<td class='status info' title='info' alt='info'><i class='material-icons'>info_outline</i></td>
					<td class='timestamp'>2:05:25 PM</td>
					<td class='step-details'>Navigate to Manage Costcenter screen Successfully</td>
				</tr>
				<tr class='log' status='pass'>
					<td class='status pass' title='pass' alt='pass'><i class='material-icons'>check_circle</i></td>
					<td class='timestamp'>2:05:25 PM</td>
					<td class='step-details'>Manage CostCenter screen is displayed successfully</td>
				</tr>
				<tr class='log' status='pass'>
					<td class='status pass' title='pass' alt='pass'><i class='material-icons'>check_circle</i></td>
					<td class='timestamp'>2:05:25 PM</td>
					<td class='step-details'>User profile is clicked</td>
				</tr>
				<tr class='log' status='pass'>
					<td class='status pass' title='pass' alt='pass'><i class='material-icons'>check_circle</i></td>
					<td class='timestamp'>2:05:28 PM</td>
					<td class='step-details'>Logout is clicked successfully</td>
				</tr>
				<tr class='log' status='pass'>
					<td class='status pass' title='pass' alt='pass'><i class='material-icons'>check_circle</i></td>
					<td class='timestamp'>2:05:28 PM</td>
					<td class='step-details'>Logged out of the UM application successfully</td>
				</tr>
				<tr class='log' status='pass'>
					<td class='status pass' title='pass' alt='pass'><i class='material-icons'>check_circle</i></td>
					<td class='timestamp'>2:05:34 PM</td>
					<td class='step-details'>Navigated to UM Home page successfully</td>
				</tr>
				<tr class='log' status='pass'>
					<td class='status pass' title='pass' alt='pass'><i class='material-icons'>check_circle</i></td>
					<td class='timestamp'>2:05:34 PM</td>
					<td class='step-details'>Navigation to Request Access page is successful</td>
				</tr>
				<tr class='log' status='pass'>
					<td class='status pass' title='pass' alt='pass'><i class='material-icons'>check_circle</i></td>
					<td class='timestamp'>2:05:35 PM</td>
					<td class='step-details'>User profile is clicked</td>
				</tr>
				<tr class='log' status='pass'>
					<td class='status pass' title='pass' alt='pass'><i class='material-icons'>check_circle</i></td>
					<td class='timestamp'>2:05:38 PM</td>
					<td class='step-details'>Logout is clicked successfully</td>
				</tr>
				<tr class='log' status='pass'>
					<td class='status pass' title='pass' alt='pass'><i class='material-icons'>check_circle</i></td>
					<td class='timestamp'>2:05:38 PM</td>
					<td class='step-details'>Logged out of the UM application successfully</td>
				</tr>
				<tr class='log' status='pass'>
					<td class='status pass' title='pass' alt='pass'><i class='material-icons'>check_circle</i></td>
					<td class='timestamp'>2:05:44 PM</td>
					<td class='step-details'>Navigated to UM Home page successfully</td>
				</tr>
				<tr class='log' status='pass'>
					<td class='status pass' title='pass' alt='pass'><i class='material-icons'>check_circle</i></td>
					<td class='timestamp'>2:05:44 PM</td>
					<td class='step-details'>Test case Execution completed</td>
				</tr>
			</tbody>
		</table>
	</div>
					</div>
				</li>
				
				
				<li class='test displayed active  pass' status='pass' bdd='false' test-id='3'>
					<div class='test-heading'>
						<span class='test-name'>TestCase1_ValidateErrorMessageOfSubDeptDeptPlantFieldWhenEmpty</span>
						<span class='test-time'>Jun 20, 2023 02:06:08 PM</span>
						<span class='test-status right pass'>pass</span>
					</div>
					<div class='test-content hide'>
<div class='test-time-info'>
	<span class='label start-time'>Jun 20, 2023 02:06:08 PM</span>
	<span class='label end-time'>Jun 20, 2023 02:06:12 PM</span>
	<span class='label time-taken grey lighten-1 white-text'>0h 0m 3s+413ms</span>
</div>
	<div class='test-steps'>
		<table class='bordered table-results'>
			<thead>
				<tr>
					<th>Status</th>
					<th>Timestamp</th>
					<th>Details</th>
				</tr>
			</thead>
			<tbody>
				<tr class='log' status='info'>
					<td class='status info' title='info' alt='info'><i class='material-icons'>info_outline</i></td>
					<td class='timestamp'>2:06:08 PM</td>
					<td class='step-details'>TestCase1_ValidateErrorMessageOfSubDeptDeptPlantFieldWhenEmpty Execution Started</td>
				</tr>
				<tr class='log' status='info'>
					<td class='status info' title='info' alt='info'><i class='material-icons'>info_outline</i></td>
					<td class='timestamp'>2:06:08 PM</td>
					<td class='step-details'>Navigate Successfully</td>
				</tr>
				<tr class='log' status='pass'>
					<td class='status pass' title='pass' alt='pass'><i class='material-icons'>check_circle</i></td>
					<td class='timestamp'>2:06:09 PM</td>
					<td class='step-details'>Manage Costcenters button is clicked</td>
				</tr>
				<tr class='log' status='pass'>
					<td class='status pass' title='pass' alt='pass'><i class='material-icons'>check_circle</i></td>
					<td class='timestamp'>2:06:10 PM</td>
					<td class='step-details'>Clicked on Manage costcenter add button</td>
				</tr>
				<tr class='log' status='pass'>
					<td class='status pass' title='pass' alt='pass'><i class='material-icons'>check_circle</i></td>
					<td class='timestamp'>2:06:12 PM</td>
					<td class='step-details'>Save button is clicked successfully</td>
				</tr>
				<tr class='log' status='pass'>
					<td class='status pass' title='pass' alt='pass'><i class='material-icons'>check_circle</i></td>
					<td class='timestamp'>2:06:12 PM</td>
					<td class='step-details'>"value has to be present" Error message is displayed successfully when SubDepartment,Department and Plant Field is empty</td>
				</tr>
				<tr class='log' status='pass'>
					<td class='status pass' title='pass' alt='pass'><i class='material-icons'>check_circle</i></td>
					<td class='timestamp'>2:06:12 PM</td>
					<td class='step-details'>Test case Execution completed</td>
				</tr>
			</tbody>
		</table>
	</div>
					</div>
				</li>
				
				
				<li class='test displayed active  pass' status='pass' bdd='false' test-id='4'>
					<div class='test-heading'>
						<span class='test-name'>TestCase20_ValidateDefaultSorting</span>
						<span class='test-time'>Jun 20, 2023 02:06:36 PM</span>
						<span class='test-status right pass'>pass</span>
					</div>
					<div class='test-content hide'>
<div class='test-time-info'>
	<span class='label start-time'>Jun 20, 2023 02:06:36 PM</span>
	<span class='label end-time'>Jun 20, 2023 02:07:18 PM</span>
	<span class='label time-taken grey lighten-1 white-text'>0h 0m 42s+263ms</span>
</div>
	<div class='test-steps'>
		<table class='bordered table-results'>
			<thead>
				<tr>
					<th>Status</th>
					<th>Timestamp</th>
					<th>Details</th>
				</tr>
			</thead>
			<tbody>
				<tr class='log' status='info'>
					<td class='status info' title='info' alt='info'><i class='material-icons'>info_outline</i></td>
					<td class='timestamp'>2:06:36 PM</td>
					<td class='step-details'>TestCase20_ValidateDefaultSorting Execution Started</td>
				</tr>
				<tr class='log' status='pass'>
					<td class='status pass' title='pass' alt='pass'><i class='material-icons'>check_circle</i></td>
					<td class='timestamp'>2:06:36 PM</td>
					<td class='step-details'>Navigated to UM Home page successfully</td>
				</tr>
				<tr class='log' status='pass'>
					<td class='status pass' title='pass' alt='pass'><i class='material-icons'>check_circle</i></td>
					<td class='timestamp'>2:06:36 PM</td>
					<td class='step-details'>Manage Map Role button is clicked successfully on Home page</td>
				</tr>
				<tr class='log' status='pass'>
					<td class='status pass' title='pass' alt='pass'><i class='material-icons'>check_circle</i></td>
					<td class='timestamp'>2:06:49 PM</td>
					<td class='step-details'>Scroll is moved to the bottom of the Role Mapping Page</td>
				</tr>
				<tr class='log' status='pass'>
					<td class='status pass' title='pass' alt='pass'><i class='material-icons'>check_circle</i></td>
					<td class='timestamp'>2:06:49 PM</td>
					<td class='step-details'>Cost Center Ascending Arrow is displayed</td>
				</tr>
				<tr class='log' status='pass'>
					<td class='status pass' title='pass' alt='pass'><i class='material-icons'>check_circle</i></td>
					<td class='timestamp'>2:06:55 PM</td>
					<td class='step-details'>Sorted List of Costcenter is: [, , , , , , , , , 1, 1, 1CCALL5RO, 1Q1, 2CCFORPLA, 3CCPLARCAL, 4CCPLAREPO, 5CCFORUMAD, 6ADMPLRCL, 7PRECLREPO, 8REPOUMAD, 9UMPLADMIN, 12, 12, 19, 020, 32, 111, 111HHHHHHH, 122, 123, 123, 123, 267, 301, 342, 343, 444, 444, 623, 666, 1002, 1111, 1111, 1212, 1244, 1290, 2000, 2010, 2010, 2010E, 2013, 2023, 2222, 2321, 3003, 4545, 5434, 5656, 6576, 6767, 12121, 12332, 67676, 120240, 555245, 555507, 555955, 555967, 12911111, 1234567891, A, A, ABC, ABCCCDWADS, ALL, ALL, ALL, ALL, ALL, ALL, ALL, ALL, ALL, ALL, DD, DD, DGSHDGSDS, DONTDEL1, FKSDK39939, GFGTRRZZZZ, GIC383939, GJDK38939, HEMANTH, JAVA11, NIMTEST098, NNN, NONCONFIGD, PLATEST1, PLATEST2, PLATEST2, Q1, QSASA, QWE, QWER, QWQW, ROSMOLSD1, ROSMOLSD2, ROSMOLSD3, ROSMOLSD4, ROSMOLSD5, SD21, SHREE123, T101TEST, T102TEST, TEST, TEST1, TEST101, TEST102, TEST105, TEST11111, TEST12345, TESTCC, TESTCC2405, TESTDATA, TESTDB2, TESTINGTES, TESTSORT, TESTTTTTTT, WWWWWWWZZZ, XE002]</td>
				</tr>
				<tr class='log' status='pass'>
					<td class='status pass' title='pass' alt='pass'><i class='material-icons'>check_circle</i></td>
					<td class='timestamp'>2:06:56 PM</td>
					<td class='step-details'>Navigated to UM Home page successfully</td>
				</tr>
				<tr class='log' status='pass'>
					<td class='status pass' title='pass' alt='pass'><i class='material-icons'>check_circle</i></td>
					<td class='timestamp'>2:06:56 PM</td>
					<td class='step-details'>Navigation to Manage Database page is successful</td>
				</tr>
				<tr class='log' status='pass'>
					<td class='status pass' title='pass' alt='pass'><i class='material-icons'>check_circle</i></td>
					<td class='timestamp'>2:07:06 PM</td>
					<td class='step-details'>Scroll is moved to the bottom of the Manage Database Page</td>
				</tr>
				<tr class='log' status='pass'>
					<td class='status pass' title='pass' alt='pass'><i class='material-icons'>check_circle</i></td>
					<td class='timestamp'>2:07:06 PM</td>
					<td class='step-details'>Database Ascending Arrow is displayed</td>
				</tr>
				<tr class='log' status='pass'>
					<td class='status pass' title='pass' alt='pass'><i class='material-icons'>check_circle</i></td>
					<td class='timestamp'>2:07:07 PM</td>
					<td class='step-details'>Sorted list of Databaseis:  [1, 2, 4, 5, 11, 22, 33, 44, 88, 123, 300, 444, 666, 671, 2001, 2891, 2892, 10022, A12, ASA, ASB88, ASD5, DB JAVA11 TEST, DB SORT, DB1TEST4, DBBERLIN, DBTEST, DBWHYMAPCC, DD, DUPLICATE, EEEE, FFG, GGGGG, HEMANTH, ND2010, NEWDB2023, NIMDB098, NNN, PLATUZA2XAE08, PSEUDO DB TESTING, PSEUDO DB TESTING 1, PSEUDODBTEST, PSEUODODB TESTING1, RRFFF, SHREE, SHREE1, SMTEST, SURABHI, SVTEST1, SVTEST2, TEST, TEST DB, TEST1111, TEST11145, TESTDB, TESTDBR1, TESTDBROSMOLSD2, TESTDBROSMOLSD3, TESTDBROSMOLSD4, TESTDBROSMOLSD5, TESTDBROSMOLSDATABASE1, TESTING DBSUR, TESTING SV, TESTINGDBA, TESTINGMAY5, TESTINGMAYKT, TESTSS, TESTTTTTTTTTTTESTTTTTTTTTTTESTTTTTTTTTTTESTTTTZZTE, TK6XEP41, TRTT, W, WEEXXZ, ZA2IAX, ZA2XAE02, ZA2XAE08, ZA2XAP08, ZA2XAP08 DUMMY, ZA2XAP34, ZA2XAP43]</td>
				</tr>
				<tr class='log' status='pass'>
					<td class='status pass' title='pass' alt='pass'><i class='material-icons'>check_circle</i></td>
					<td class='timestamp'>2:07:07 PM</td>
					<td class='step-details'>Navigated to UM Home page successfully</td>
				</tr>
				<tr class='log' status='pass'>
					<td class='status pass' title='pass' alt='pass'><i class='material-icons'>check_circle</i></td>
					<td class='timestamp'>2:07:07 PM</td>
					<td class='step-details'>Manage Costcenters button is clicked</td>
				</tr>
				<tr class='log' status='pass'>
					<td class='status pass' title='pass' alt='pass'><i class='material-icons'>check_circle</i></td>
					<td class='timestamp'>2:07:08 PM</td>
					<td class='step-details'>Scroll is moved to the bottom of the ManageCostcenters Page</td>
				</tr>
				<tr class='log' status='pass'>
					<td class='status pass' title='pass' alt='pass'><i class='material-icons'>check_circle</i></td>
					<td class='timestamp'>2:07:08 PM</td>
					<td class='step-details'>Cost Center Ascending Arrow is displayed</td>
				</tr>
				<tr class='log' status='pass'>
					<td class='status pass' title='pass' alt='pass'><i class='material-icons'>check_circle</i></td>
					<td class='timestamp'>2:07:14 PM</td>
					<td class='step-details'>Sorted List of Costcenter is: [, , , , , , , , , 1, 1, 1CCALL5RO, 1Q1, 2CCFORPLA, 3CCPLARCAL, 4CCPLAREPO, 5CCFORUMAD, 6ADMPLRCL, 7PRECLREPO, 8REPOUMAD, 9UMPLADMIN, 12, 12, 19, 020, 32, 111, 111HHHHHHH, 122, 123, 123, 123, 267, 301, 342, 343, 444, 444, 623, 666, 1002, 1111, 1111, 1212, 1244, 1290, 2000, 2010, 2010, 2010E, 2013, 2023, 2222, 2321, 3003, 4545, 5434, 5656, 6576, 6767, 12121, 12332, 67676, 120240, 555245, 555507, 555955, 555967, 12911111, 1234567891, A, A, ABC, ABCCCDWADS, ALL, ALL, ALL, ALL, ALL, ALL, ALL, ALL, ALL, ALL, DD, DD, DGSHDGSDS, DONTDEL1, FKSDK39939, GFGTRRZZZZ, GIC383939, GJDK38939, HEMANTH, JAVA11, NIMTEST098, NNN, NONCONFIGD, PLATEST1, PLATEST2, PLATEST2, Q1, QSASA, QWE, QWER, QWQW, ROSMOLSD1, ROSMOLSD2, ROSMOLSD3, ROSMOLSD4, ROSMOLSD5, SD21, SHREE123, T101TEST, T102TEST, TEST, TEST1, TEST101, TEST102, TEST105, TEST11111, TEST12345, TESTCC, TESTCC2405, TESTDATA, TESTDB2, TESTINGTES, TESTSORT, TESTTTTTTT, WWWWWWWZZZ, XE002]</td>
				</tr>
				<tr class='log' status='pass'>
					<td class='status pass' title='pass' alt='pass'><i class='material-icons'>check_circle</i></td>
					<td class='timestamp'>2:07:14 PM</td>
					<td class='step-details'>Clicked on Manage costcenter add button</td>
				</tr>
				<tr class='log' status='pass'>
					<td class='status pass' title='pass' alt='pass'><i class='material-icons'>check_circle</i></td>
					<td class='timestamp'>2:07:15 PM</td>
					<td class='step-details'>Database Ascending Arrow is displayed</td>
				</tr>
				<tr class='log' status='pass'>
					<td class='status pass' title='pass' alt='pass'><i class='material-icons'>check_circle</i></td>
					<td class='timestamp'>2:07:18 PM</td>
					<td class='step-details'>Sorted List of Database is: [1, 2, 4, 5, 11, 22, 33, 44, 88, 123, 300, 444, 666, 671, 2001, 2891, 2892, 10022, A12, ASA]</td>
				</tr>
				<tr class='log' status='pass'>
					<td class='status pass' title='pass' alt='pass'><i class='material-icons'>check_circle</i></td>
					<td class='timestamp'>2:07:18 PM</td>
					<td class='step-details'>Test case Execution completed</td>
				</tr>
			</tbody>
		</table>
	</div>
					</div>
				</li>
				
				
				<li class='test displayed active  pass' status='pass' bdd='false' test-id='5'>
					<div class='test-heading'>
						<span class='test-name'>TestCase21_ValidateLoadBySearchingValuesOnSearchCostcenterScreen</span>
						<span class='test-time'>Jun 20, 2023 02:07:42 PM</span>
						<span class='test-status right pass'>pass</span>
					</div>
					<div class='test-content hide'>
<div class='test-time-info'>
	<span class='label start-time'>Jun 20, 2023 02:07:42 PM</span>
	<span class='label end-time'>Jun 20, 2023 02:08:09 PM</span>
	<span class='label time-taken grey lighten-1 white-text'>0h 0m 26s+994ms</span>
</div>
	<div class='test-steps'>
		<table class='bordered table-results'>
			<thead>
				<tr>
					<th>Status</th>
					<th>Timestamp</th>
					<th>Details</th>
				</tr>
			</thead>
			<tbody>
				<tr class='log' status='info'>
					<td class='status info' title='info' alt='info'><i class='material-icons'>info_outline</i></td>
					<td class='timestamp'>2:07:42 PM</td>
					<td class='step-details'>TestCase21_ValidateLoadBySearchingValuesOnSearchCostcenterScreen Execution Started</td>
				</tr>
				<tr class='log' status='pass'>
					<td class='status pass' title='pass' alt='pass'><i class='material-icons'>check_circle</i></td>
					<td class='timestamp'>2:07:43 PM</td>
					<td class='step-details'>Manage Costcenters button is clicked</td>
				</tr>
				<tr class='log' status='pass'>
					<td class='status pass' title='pass' alt='pass'><i class='material-icons'>check_circle</i></td>
					<td class='timestamp'>2:08:01 PM</td>
					<td class='step-details'>Clicked on Manage costcenter add button</td>
				</tr>
				<tr class='log' status='pass'>
					<td class='status pass' title='pass' alt='pass'><i class='material-icons'>check_circle</i></td>
					<td class='timestamp'>2:08:01 PM</td>
					<td class='step-details'>Load button is clicked successfully</td>
				</tr>
				<tr class='log' status='pass'>
					<td class='status pass' title='pass' alt='pass'><i class='material-icons'>check_circle</i></td>
					<td class='timestamp'>2:08:02 PM</td>
					<td class='step-details'>Field validation is successful for Search Costcenter Page</td>
				</tr>
				<tr class='log' status='pass'>
					<td class='status pass' title='pass' alt='pass'><i class='material-icons'>check_circle</i></td>
					<td class='timestamp'>2:08:04 PM</td>
					<td class='step-details'>Search successful for Costcenter E</td>
				</tr>
				<tr class='log' status='pass'>
					<td class='status pass' title='pass' alt='pass'><i class='material-icons'>check_circle</i></td>
					<td class='timestamp'>2:08:05 PM</td>
					<td class='step-details'>The details matching the value E are:
 Costcenter: 2010E
 Sub Department: IT/QI
 Department: IT
 Plant Matched: 2010</td>
				</tr>
				<tr class='log' status='pass'>
					<td class='status pass' title='pass' alt='pass'><i class='material-icons'>check_circle</i></td>
					<td class='timestamp'>2:08:05 PM</td>
					<td class='step-details'>The details matching the value E are:
 Costcenter: 7PRECLREPO
 Sub Department: 22PT/STF
 Department: 22ITGIC
 Plant Matched: 222</td>
				</tr>
				<tr class='log' status='pass'>
					<td class='status pass' title='pass' alt='pass'><i class='material-icons'>check_circle</i></td>
					<td class='timestamp'>2:08:05 PM</td>
					<td class='step-details'>The details matching the value E are:
 Costcenter: DONTDEL1
 Sub Department: TEST
 Department: TEST
 Plant Matched: 111</td>
				</tr>
				<tr class='log' status='pass'>
					<td class='status pass' title='pass' alt='pass'><i class='material-icons'>check_circle</i></td>
					<td class='timestamp'>2:08:05 PM</td>
					<td class='step-details'>The details matching the value E are:
 Costcenter: DONTDEL1
 Sub Department: TEST
 Department: TEST
 Plant Matched: 111</td>
				</tr>
				<tr class='log' status='pass'>
					<td class='status pass' title='pass' alt='pass'><i class='material-icons'>check_circle</i></td>
					<td class='timestamp'>2:08:05 PM</td>
					<td class='step-details'>The details matching the value E are:
 Costcenter: NIMTEST098
 Sub Department: NIMTEST098
 Department: NIMTEST098
 Plant Matched: 098</td>
				</tr>
				<tr class='log' status='pass'>
					<td class='status pass' title='pass' alt='pass'><i class='material-icons'>check_circle</i></td>
					<td class='timestamp'>2:08:05 PM</td>
					<td class='step-details'>The details matching the value E are:
 Costcenter: PLATEST2
 Sub Department: PLATEST2
 Department: PLATEST2
 Plant Matched: 008</td>
				</tr>
				<tr class='log' status='pass'>
					<td class='status pass' title='pass' alt='pass'><i class='material-icons'>check_circle</i></td>
					<td class='timestamp'>2:08:05 PM</td>
					<td class='step-details'>The details matching the value E are:
 Costcenter: QWE
 Sub Department: 1234567890
 Department: 12323
 Plant Matched: 2323</td>
				</tr>
				<tr class='log' status='pass'>
					<td class='status pass' title='pass' alt='pass'><i class='material-icons'>check_circle</i></td>
					<td class='timestamp'>2:08:05 PM</td>
					<td class='step-details'>The details matching the value E are:
 Costcenter: SHREE123
 Sub Department: 111
 Department: 1
 Plant Matched: 0001</td>
				</tr>
				<tr class='log' status='pass'>
					<td class='status pass' title='pass' alt='pass'><i class='material-icons'>check_circle</i></td>
					<td class='timestamp'>2:08:05 PM</td>
					<td class='step-details'>The details matching the value E are:
 Costcenter: T102TEST
 Sub Department: TEST
 Department: TESTDEPT
 Plant Matched: 444</td>
				</tr>
				<tr class='log' status='pass'>
					<td class='status pass' title='pass' alt='pass'><i class='material-icons'>check_circle</i></td>
					<td class='timestamp'>2:08:05 PM</td>
					<td class='step-details'>The details matching the value E are:
 Costcenter: TEST1
 Sub Department: 1212
 Department: 111
 Plant Matched: 003</td>
				</tr>
				<tr class='log' status='pass'>
					<td class='status pass' title='pass' alt='pass'><i class='material-icons'>check_circle</i></td>
					<td class='timestamp'>2:08:05 PM</td>
					<td class='step-details'>The details matching the value E are:
 Costcenter: TEST102
 Sub Department: SUBDEPT102/QQ
 Department: DEPT102
 Plant Matched: 102</td>
				</tr>
				<tr class='log' status='pass'>
					<td class='status pass' title='pass' alt='pass'><i class='material-icons'>check_circle</i></td>
					<td class='timestamp'>2:08:05 PM</td>
					<td class='step-details'>The details matching the value E are:
 Costcenter: TEST11111
 Sub Department: 1
 Department: 111
 Plant Matched: 0001</td>
				</tr>
				<tr class='log' status='pass'>
					<td class='status pass' title='pass' alt='pass'><i class='material-icons'>check_circle</i></td>
					<td class='timestamp'>2:08:05 PM</td>
					<td class='step-details'>The details matching the value E are:
 Costcenter: TEST11111
 Sub Department: 1
 Department: 111
 Plant Matched: 0001</td>
				</tr>
				<tr class='log' status='pass'>
					<td class='status pass' title='pass' alt='pass'><i class='material-icons'>check_circle</i></td>
					<td class='timestamp'>2:08:05 PM</td>
					<td class='step-details'>The details matching the value E are:
 Costcenter: TESTCC
 Sub Department: 11212
 Department: 11212
 Plant Matched: 002</td>
				</tr>
				<tr class='log' status='pass'>
					<td class='status pass' title='pass' alt='pass'><i class='material-icons'>check_circle</i></td>
					<td class='timestamp'>2:08:05 PM</td>
					<td class='step-details'>The details matching the value E are:
 Costcenter: TESTDATA
 Sub Department: YGWDWGDU
 Department: GDSHD
 Plant Matched: 1111</td>
				</tr>
				<tr class='log' status='pass'>
					<td class='status pass' title='pass' alt='pass'><i class='material-icons'>check_circle</i></td>
					<td class='timestamp'>2:08:05 PM</td>
					<td class='step-details'>The details matching the value E are:
 Costcenter: TESTINGTES
 Sub Department: TESTINGTESTINGTESTIN
 Department: TESTINGTESTINGTESTIN
 Plant Matched: 05550</td>
				</tr>
				<tr class='log' status='pass'>
					<td class='status pass' title='pass' alt='pass'><i class='material-icons'>check_circle</i></td>
					<td class='timestamp'>2:08:06 PM</td>
					<td class='step-details'>The details matching the value E are:
 Costcenter: TESTTTTTTT
 Sub Department: 11PT/STF
 Department: QIM/E
 Plant Matched: 999</td>
				</tr>
				<tr class='log' status='pass'>
					<td class='status pass' title='pass' alt='pass'><i class='material-icons'>check_circle</i></td>
					<td class='timestamp'>2:08:06 PM</td>
					<td class='step-details'>Costcenter to be selected from the results T101TEST</td>
				</tr>
				<tr class='log' status='pass'>
					<td class='status pass' title='pass' alt='pass'><i class='material-icons'>check_circle</i></td>
					<td class='timestamp'>2:08:06 PM</td>
					<td class='step-details'>Costcenter/SubDept vaues are matched in 14 th row in filtered results</td>
				</tr>
				<tr class='log' status='pass'>
					<td class='status pass' title='pass' alt='pass'><i class='material-icons'>check_circle</i></td>
					<td class='timestamp'>2:08:06 PM</td>
					<td class='step-details'>Costcenter T101TEST is clicked successfully</td>
				</tr>
				<tr class='log' status='pass'>
					<td class='status pass' title='pass' alt='pass'><i class='material-icons'>check_circle</i></td>
					<td class='timestamp'>2:08:06 PM</td>
					<td class='step-details'>Load button is clicked successfully</td>
				</tr>
				<tr class='log' status='pass'>
					<td class='status pass' title='pass' alt='pass'><i class='material-icons'>check_circle</i></td>
					<td class='timestamp'>2:08:07 PM</td>
					<td class='step-details'>"Loaded successfully" snackbar Message is displayed</td>
				</tr>
				<tr class='log' status='pass'>
					<td class='status pass' title='pass' alt='pass'><i class='material-icons'>check_circle</i></td>
					<td class='timestamp'>2:08:09 PM</td>
					<td class='step-details'>The populated values in the fields are verified for : T101TEST are
 Costcenter: T101TEST
 Sub Department: EWEFEWFE
 Department: EFWEFWEF
 Plant: 34343
 Description:</td>
				</tr>
				<tr class='log' status='pass'>
					<td class='status pass' title='pass' alt='pass'><i class='material-icons'>check_circle</i></td>
					<td class='timestamp'>2:08:09 PM</td>
					<td class='step-details'>Fields are populated with data correctly</td>
				</tr>
				<tr class='log' status='pass'>
					<td class='status pass' title='pass' alt='pass'><i class='material-icons'>check_circle</i></td>
					<td class='timestamp'>2:08:09 PM</td>
					<td class='step-details'>Test case Execution completed</td>
				</tr>
			</tbody>
		</table>
	</div>
					</div>
				</li>
				
				
				<li class='test displayed active  fail' status='fail' bdd='false' test-id='6'>
					<div class='test-heading'>
						<span class='test-name'>TestCase24_ValidateUMAdminAccessInUMScreen</span>
						<span class='test-time'>Jun 20, 2023 02:08:36 PM</span>
						<span class='test-status right fail'>fail</span>
					</div>
					<div class='test-content hide'>
<div class='test-time-info'>
	<span class='label start-time'>Jun 20, 2023 02:08:36 PM</span>
	<span class='label end-time'>Jun 20, 2023 02:08:37 PM</span>
	<span class='label time-taken grey lighten-1 white-text'>0h 0m 0s+946ms</span>
</div>
	<div class='test-steps'>
		<table class='bordered table-results'>
			<thead>
				<tr>
					<th>Status</th>
					<th>Timestamp</th>
					<th>Details</th>
				</tr>
			</thead>
			<tbody>
				<tr class='log' status='info'>
					<td class='status info' title='info' alt='info'><i class='material-icons'>info_outline</i></td>
					<td class='timestamp'>2:08:36 PM</td>
					<td class='step-details'>TestCase24_ValidateUMAdminAccessInUMScreen Execution Started</td>
				</tr>
				<tr class='log' status='info'>
					<td class='status info' title='info' alt='info'><i class='material-icons'>info_outline</i></td>
					<td class='timestamp'>2:08:36 PM</td>
					<td class='step-details'>Navigated Successfully to UM Home page</td>
				</tr>
				<tr class='log' status='pass'>
					<td class='status pass' title='pass' alt='pass'><i class='material-icons'>check_circle</i></td>
					<td class='timestamp'>2:08:36 PM</td>
					<td class='step-details'>Home Icon is displayed successfully</td>
				</tr>
				<tr class='log' status='pass'>
					<td class='status pass' title='pass' alt='pass'><i class='material-icons'>check_circle</i></td>
					<td class='timestamp'>2:08:36 PM</td>
					<td class='step-details'>Home button validation successful</td>
				</tr>
				<tr class='log' status='pass'>
					<td class='status pass' title='pass' alt='pass'><i class='material-icons'>check_circle</i></td>
					<td class='timestamp'>2:08:36 PM</td>
					<td class='step-details'>"PLA - User Management" Header is displayed successfully</td>
				</tr>
				<tr class='log' status='pass'>
					<td class='status pass' title='pass' alt='pass'><i class='material-icons'>check_circle</i></td>
					<td class='timestamp'>2:08:36 PM</td>
					<td class='step-details'>"v1.0" Version validation successful</td>
				</tr>
				<tr class='log' status='pass'>
					<td class='status pass' title='pass' alt='pass'><i class='material-icons'>check_circle</i></td>
					<td class='timestamp'>2:08:36 PM</td>
					<td class='step-details'>"English" Language selection is displayed by default in UM Home Page</td>
				</tr>
				<tr class='log' status='pass'>
					<td class='status pass' title='pass' alt='pass'><i class='material-icons'>check_circle</i></td>
					<td class='timestamp'>2:08:36 PM</td>
					<td class='step-details'>"English" Language selection dropdown is clicked</td>
				</tr>
				<tr class='log' status='pass'>
					<td class='status pass' title='pass' alt='pass'><i class='material-icons'>check_circle</i></td>
					<td class='timestamp'>2:08:37 PM</td>
					<td class='step-details'>"German" is displayed in dropdown</td>
				</tr>
				<tr class='log' status='pass'>
					<td class='status pass' title='pass' alt='pass'><i class='material-icons'>check_circle</i></td>
					<td class='timestamp'>2:08:37 PM</td>
					<td class='step-details'>"English" is displayed in dropdown</td>
				</tr>
				<tr class='log' status='pass'>
					<td class='status pass' title='pass' alt='pass'><i class='material-icons'>check_circle</i></td>
					<td class='timestamp'>2:08:37 PM</td>
					<td class='step-details'>English is selected from dropdown</td>
				</tr>
				<tr class='log' status='pass'>
					<td class='status pass' title='pass' alt='pass'><i class='material-icons'>check_circle</i></td>
					<td class='timestamp'>2:08:37 PM</td>
					<td class='step-details'>ROSMOLS User logged in is displayed successfully</td>
				</tr>
				<tr class='log' status='pass'>
					<td class='status pass' title='pass' alt='pass'><i class='material-icons'>check_circle</i></td>
					<td class='timestamp'>2:08:37 PM</td>
					<td class='step-details'>User Account is clicked</td>
				</tr>
				<tr class='log' status='pass'>
					<td class='status pass' title='pass' alt='pass'><i class='material-icons'>check_circle</i></td>
					<td class='timestamp'>2:08:37 PM</td>
					<td class='step-details'>Verified buttons for User Account : 2</td>
				</tr>
				<tr class='log' status='pass'>
					<td class='status pass' title='pass' alt='pass'><i class='material-icons'>check_circle</i></td>
					<td class='timestamp'>2:08:37 PM</td>
					<td class='step-details'>My Account is clicked from the User Profile down</td>
				</tr>
				<tr class='log' status='info'>
					<td class='status info' title='info' alt='info'><i class='material-icons'>info_outline</i></td>
					<td class='timestamp'>2:08:37 PM</td>
					<td class='step-details'>TestCase24_ValidateUMAdminAccessInUMScreen<img data-featherlight='.//TestCase24_ValidateUMAdminAccessInUMScreen-2023-06-20 02-08-37.png' width='10%' src='.//TestCase24_ValidateUMAdminAccessInUMScreen-2023-06-20 02-08-37.png' data-src='.//TestCase24_ValidateUMAdminAccessInUMScreen-2023-06-20 02-08-37.png'></td>
				</tr>
				<tr class='log' status='fail'>
					<td class='status fail' title='fail' alt='fail'><i class='material-icons'>cancel</i></td>
					<td class='timestamp'>2:08:37 PM</td>
					<td class='step-details'><pre>java.lang.AssertionError: expected [ PLA_UM-ADMIN] but found [ PLA_UM-SUPERADMIN]
	at org.testng.Assert.fail(Assert.java:96)
	at org.testng.Assert.failNotEquals(Assert.java:776)
	at org.testng.Assert.assertEqualsImpl(Assert.java:137)
	at org.testng.Assert.assertEquals(Assert.java:118)
	at org.testng.Assert.assertEquals(Assert.java:453)
	at org.testng.Assert.assertEquals(Assert.java:463)
	at com.daimler.plaUM.testscripts.ManageCostCenterTestScripts.TestCase24_ValidateUMAdminAccessInUMScreen(ManageCostCenterTestScripts.java:894)
	at java.base/jdk.internal.reflect.NativeMethodAccessorImpl.invoke0(Native Method)
	at java.base/jdk.internal.reflect.NativeMethodAccessorImpl.invoke(NativeMethodAccessorImpl.java:77)
	at java.base/jdk.internal.reflect.DelegatingMethodAccessorImpl.invoke(DelegatingMethodAccessorImpl.java:43)
	at java.base/java.lang.reflect.Method.invoke(Method.java:568)
	at org.testng.internal.MethodInvocationHelper.invokeMethod(MethodInvocationHelper.java:124)
	at org.testng.internal.Invoker.invokeMethod(Invoker.java:583)
	at org.testng.internal.Invoker.invokeTestMethod(Invoker.java:719)
	at org.testng.internal.Invoker.invokeTestMethods(Invoker.java:989)
	at org.testng.internal.TestMethodWorker.invokeTestMethods(TestMethodWorker.java:125)
	at org.testng.internal.TestMethodWorker.run(TestMethodWorker.java:109)
	at org.testng.TestRunner.privateRun(TestRunner.java:648)
	at org.testng.TestRunner.run(TestRunner.java:505)
	at org.testng.SuiteRunner.runTest(SuiteRunner.java:455)
	at org.testng.SuiteRunner.runSequentially(SuiteRunner.java:450)
	at org.testng.SuiteRunner.privateRun(SuiteRunner.java:415)
	at org.testng.SuiteRunner.run(SuiteRunner.java:364)
	at org.testng.SuiteRunnerWorker.runSuite(SuiteRunnerWorker.java:52)
	at org.testng.SuiteRunnerWorker.run(SuiteRunnerWorker.java:84)
	at org.testng.TestNG.runSuitesSequentially(TestNG.java:1208)
	at org.testng.TestNG.runSuitesLocally(TestNG.java:1137)
	at org.testng.TestNG.runSuites(TestNG.java:1049)
	at org.testng.TestNG.run(TestNG.java:1017)
	at com.RunConfig.DynamicTestNG.runTestNGTest(DynamicTestNG.java:103)
	at com.RunConfig.DynamicTestNG.main(DynamicTestNG.java:139)
</pre></td>
				</tr>
			</tbody>
		</table>
	</div>
					</div>
				</li>
				
				
				<li class='test displayed active  pass' status='pass' bdd='false' test-id='7'>
					<div class='test-heading'>
						<span class='test-name'>TestCase25_ValidateSuperAdminAccessInUMScreen</span>
						<span class='test-time'>Jun 20, 2023 02:09:02 PM</span>
						<span class='test-status right pass'>pass</span>
					</div>
					<div class='test-content hide'>
<div class='test-time-info'>
	<span class='label start-time'>Jun 20, 2023 02:09:02 PM</span>
	<span class='label end-time'>Jun 20, 2023 02:09:03 PM</span>
	<span class='label time-taken grey lighten-1 white-text'>0h 0m 0s+985ms</span>
</div>
	<div class='test-steps'>
		<table class='bordered table-results'>
			<thead>
				<tr>
					<th>Status</th>
					<th>Timestamp</th>
					<th>Details</th>
				</tr>
			</thead>
			<tbody>
				<tr class='log' status='info'>
					<td class='status info' title='info' alt='info'><i class='material-icons'>info_outline</i></td>
					<td class='timestamp'>2:09:02 PM</td>
					<td class='step-details'>TestCase25_ValidateSuperAdminAccessInUMScreen Execution Started</td>
				</tr>
				<tr class='log' status='info'>
					<td class='status info' title='info' alt='info'><i class='material-icons'>info_outline</i></td>
					<td class='timestamp'>2:09:02 PM</td>
					<td class='step-details'>Navigated Successfully to UM Home page</td>
				</tr>
				<tr class='log' status='pass'>
					<td class='status pass' title='pass' alt='pass'><i class='material-icons'>check_circle</i></td>
					<td class='timestamp'>2:09:02 PM</td>
					<td class='step-details'>Home Icon is displayed successfully</td>
				</tr>
				<tr class='log' status='pass'>
					<td class='status pass' title='pass' alt='pass'><i class='material-icons'>check_circle</i></td>
					<td class='timestamp'>2:09:02 PM</td>
					<td class='step-details'>Home button validation successful</td>
				</tr>
				<tr class='log' status='pass'>
					<td class='status pass' title='pass' alt='pass'><i class='material-icons'>check_circle</i></td>
					<td class='timestamp'>2:09:02 PM</td>
					<td class='step-details'>"PLA - User Management" Header is displayed successfully</td>
				</tr>
				<tr class='log' status='pass'>
					<td class='status pass' title='pass' alt='pass'><i class='material-icons'>check_circle</i></td>
					<td class='timestamp'>2:09:02 PM</td>
					<td class='step-details'>"v1.0" Version validation successful</td>
				</tr>
				<tr class='log' status='pass'>
					<td class='status pass' title='pass' alt='pass'><i class='material-icons'>check_circle</i></td>
					<td class='timestamp'>2:09:02 PM</td>
					<td class='step-details'>"English" Language selection is displayed by default in UM Home Page</td>
				</tr>
				<tr class='log' status='pass'>
					<td class='status pass' title='pass' alt='pass'><i class='material-icons'>check_circle</i></td>
					<td class='timestamp'>2:09:02 PM</td>
					<td class='step-details'>"English" Language selection dropdown is clicked</td>
				</tr>
				<tr class='log' status='pass'>
					<td class='status pass' title='pass' alt='pass'><i class='material-icons'>check_circle</i></td>
					<td class='timestamp'>2:09:02 PM</td>
					<td class='step-details'>"German" is displayed in dropdown</td>
				</tr>
				<tr class='log' status='pass'>
					<td class='status pass' title='pass' alt='pass'><i class='material-icons'>check_circle</i></td>
					<td class='timestamp'>2:09:02 PM</td>
					<td class='step-details'>"English" is displayed in dropdown</td>
				</tr>
				<tr class='log' status='pass'>
					<td class='status pass' title='pass' alt='pass'><i class='material-icons'>check_circle</i></td>
					<td class='timestamp'>2:09:02 PM</td>
					<td class='step-details'>English is selected from dropdown</td>
				</tr>
				<tr class='log' status='pass'>
					<td class='status pass' title='pass' alt='pass'><i class='material-icons'>check_circle</i></td>
					<td class='timestamp'>2:09:02 PM</td>
					<td class='step-details'>ROSMOLS User logged in is displayed successfully</td>
				</tr>
				<tr class='log' status='pass'>
					<td class='status pass' title='pass' alt='pass'><i class='material-icons'>check_circle</i></td>
					<td class='timestamp'>2:09:03 PM</td>
					<td class='step-details'>User Account is clicked</td>
				</tr>
				<tr class='log' status='pass'>
					<td class='status pass' title='pass' alt='pass'><i class='material-icons'>check_circle</i></td>
					<td class='timestamp'>2:09:03 PM</td>
					<td class='step-details'>Verified buttons for User Account : 2</td>
				</tr>
				<tr class='log' status='pass'>
					<td class='status pass' title='pass' alt='pass'><i class='material-icons'>check_circle</i></td>
					<td class='timestamp'>2:09:03 PM</td>
					<td class='step-details'>My Account is clicked from the User Profile down</td>
				</tr>
				<tr class='log' status='pass'>
					<td class='status pass' title='pass' alt='pass'><i class='material-icons'>check_circle</i></td>
					<td class='timestamp'>2:09:03 PM</td>
					<td class='step-details'>Role is displayed as PLA_UM-SUPERADMIN for Super Admin Login</td>
				</tr>
				<tr class='log' status='pass'>
					<td class='status pass' title='pass' alt='pass'><i class='material-icons'>check_circle</i></td>
					<td class='timestamp'>2:09:03 PM</td>
					<td class='step-details'>Navigated to UM Home Page by clicking on Home Button</td>
				</tr>
				<tr class='log' status='pass'>
					<td class='status pass' title='pass' alt='pass'><i class='material-icons'>check_circle</i></td>
					<td class='timestamp'>2:09:03 PM</td>
					<td class='step-details'>User Profile is clicked again</td>
				</tr>
				<tr class='log' status='pass'>
					<td class='status pass' title='pass' alt='pass'><i class='material-icons'>check_circle</i></td>
					<td class='timestamp'>2:09:03 PM</td>
					<td class='step-details'>"My account,Logout" buttons is displayed successfully in User Account</td>
				</tr>
				<tr class='log' status='pass'>
					<td class='status pass' title='pass' alt='pass'><i class='material-icons'>check_circle</i></td>
					<td class='timestamp'>2:09:03 PM</td>
					<td class='step-details'>User Profile is clicked</td>
				</tr>
				<tr class='log' status='pass'>
					<td class='status pass' title='pass' alt='pass'><i class='material-icons'>check_circle</i></td>
					<td class='timestamp'>2:09:03 PM</td>
					<td class='step-details'>The count of buttons verified successfully for Super admin login in UM home page: 6 and are displayed as below:</td>
				</tr>
				<tr class='log' status='pass'>
					<td class='status pass' title='pass' alt='pass'><i class='material-icons'>check_circle</i></td>
					<td class='timestamp'>2:09:03 PM</td>
					<td class='step-details'>"Manage Users,Manage Roles,Map Roles,Manage Databases,Manage Costcenters,Manage Request Access" is verified successfully</td>
				</tr>
				<tr class='log' status='pass'>
					<td class='status pass' title='pass' alt='pass'><i class='material-icons'>check_circle</i></td>
					<td class='timestamp'>2:09:03 PM</td>
					<td class='step-details'>All the UM Home buttons are displayed successfully for Super Admin Login</td>
				</tr>
				<tr class='log' status='pass'>
					<td class='status pass' title='pass' alt='pass'><i class='material-icons'>check_circle</i></td>
					<td class='timestamp'>2:09:03 PM</td>
					<td class='step-details'>Test case Execution completed</td>
				</tr>
			</tbody>
		</table>
	</div>
					</div>
				</li>
				
				
				<li class='test displayed active  pass' status='pass' bdd='false' test-id='8'>
					<div class='test-heading'>
						<span class='test-name'>TestCase3_ValidateAscendingSortNDescendingInManageCostCenterScreen</span>
						<span class='test-time'>Jun 20, 2023 02:09:30 PM</span>
						<span class='test-status right pass'>pass</span>
					</div>
					<div class='test-content hide'>
<div class='test-time-info'>
	<span class='label start-time'>Jun 20, 2023 02:09:30 PM</span>
	<span class='label end-time'>Jun 20, 2023 02:10:17 PM</span>
	<span class='label time-taken grey lighten-1 white-text'>0h 0m 46s+350ms</span>
</div>
	<div class='test-steps'>
		<table class='bordered table-results'>
			<thead>
				<tr>
					<th>Status</th>
					<th>Timestamp</th>
					<th>Details</th>
				</tr>
			</thead>
			<tbody>
				<tr class='log' status='info'>
					<td class='status info' title='info' alt='info'><i class='material-icons'>info_outline</i></td>
					<td class='timestamp'>2:09:30 PM</td>
					<td class='step-details'>TestCase3_ValidateAscendingSortNDescendingInManageCostCenterScreen Execution Started</td>
				</tr>
				<tr class='log' status='pass'>
					<td class='status pass' title='pass' alt='pass'><i class='material-icons'>check_circle</i></td>
					<td class='timestamp'>2:09:31 PM</td>
					<td class='step-details'>Manage Costcenters button is clicked</td>
				</tr>
				<tr class='log' status='info'>
					<td class='status info' title='info' alt='info'><i class='material-icons'>info_outline</i></td>
					<td class='timestamp'>2:09:31 PM</td>
					<td class='step-details'>Navigated Successfully</td>
				</tr>
				<tr class='log' status='pass'>
					<td class='status pass' title='pass' alt='pass'><i class='material-icons'>check_circle</i></td>
					<td class='timestamp'>2:09:32 PM</td>
					<td class='step-details'>Manage CostCenter screen is displayed successfully</td>
				</tr>
				<tr class='log' status='pass'>
					<td class='status pass' title='pass' alt='pass'><i class='material-icons'>check_circle</i></td>
					<td class='timestamp'>2:09:33 PM</td>
					<td class='step-details'>Scroll is moved to the bottom of the ManageCostcenters Page</td>
				</tr>
				<tr class='log' status='pass'>
					<td class='status pass' title='pass' alt='pass'><i class='material-icons'>check_circle</i></td>
					<td class='timestamp'>2:09:33 PM</td>
					<td class='step-details'>Cost Center Ascending Arrow is displayed</td>
				</tr>
				<tr class='log' status='pass'>
					<td class='status pass' title='pass' alt='pass'><i class='material-icons'>check_circle</i></td>
					<td class='timestamp'>2:09:39 PM</td>
					<td class='step-details'>Sorted List of Costcenter is: [, , , , , , , , , 1, 1, 1CCALL5RO, 1Q1, 2CCFORPLA, 3CCPLARCAL, 4CCPLAREPO, 5CCFORUMAD, 6ADMPLRCL, 7PRECLREPO, 8REPOUMAD, 9UMPLADMIN, 12, 12, 19, 020, 32, 111, 111HHHHHHH, 122, 123, 123, 123, 267, 301, 342, 343, 444, 444, 623, 666, 1002, 1111, 1111, 1212, 1244, 1290, 2000, 2010, 2010, 2010E, 2013, 2023, 2222, 2321, 3003, 4545, 5434, 5656, 6576, 6767, 12121, 12332, 67676, 120240, 555245, 555507, 555955, 555967, 12911111, 1234567891, A, A, ABC, ABCCCDWADS, ALL, ALL, ALL, ALL, ALL, ALL, ALL, ALL, ALL, ALL, DD, DD, DGSHDGSDS, DONTDEL1, FKSDK39939, GFGTRRZZZZ, GIC383939, GJDK38939, HEMANTH, JAVA11, NIMTEST098, NNN, NONCONFIGD, PLATEST1, PLATEST2, PLATEST2, Q1, QSASA, QWE, QWER, QWQW, ROSMOLSD1, ROSMOLSD2, ROSMOLSD3, ROSMOLSD4, ROSMOLSD5, SD21, SHREE123, T101TEST, T102TEST, TEST, TEST1, TEST101, TEST102, TEST105, TEST11111, TEST12345, TESTCC, TESTCC2405, TESTDATA, TESTDB2, TESTINGTES, TESTSORT, TESTTTTTTT, WWWWWWWZZZ, XE002]</td>
				</tr>
				<tr class='log' status='pass'>
					<td class='status pass' title='pass' alt='pass'><i class='material-icons'>check_circle</i></td>
					<td class='timestamp'>2:09:39 PM</td>
					<td class='step-details'>Description ascending Arrow is clicked</td>
				</tr>
				<tr class='log' status='pass'>
					<td class='status pass' title='pass' alt='pass'><i class='material-icons'>check_circle</i></td>
					<td class='timestamp'>2:09:45 PM</td>
					<td class='step-details'>Sorted List of Description is: [, , , , , , , , , , , , , , , , , , , , , , , , , , , , , , , , , , , , , , , , , , , , , , , , , , , , , , , , , , , , , , , , , , , , , , , , , , , , , , , , , , , , , , , Created to understand the flow..., Cyber Security, DeveloperTesting1, Engineering Operations, HR AND OPERATIONS, JAVA11 Test, PLATEST3, Romanian Transmission NAG3 and FDCT8, TEST3, TESTSORT, Test 2, Test DescriptionTwo-automation test data, Test DescriptionTwo-automation test data, Test DescriptionTwo-automation test data, Test DescriptionTwo-automation test data, Test auto combi for All 5 roles-automation test data, Test auto combi for PLA Admin Recall-automation test data, Test auto combi for PLA Admin-automation test data, Test auto combi for PLA Recall-automation test data, Test auto combi for PLA Reporting-automation test data, Test auto combi for Recall Reporting-automation test data, Test auto combi for Reporting UM Admin-automation test data, Test auto combi for UM Admin PLA Admin-automation test data, Test auto combi for UM Admin-automation test data, Testing, Testing 1, Werk Berlin - Alle Bereiche, automation data, cdxasZ, data 1- all mapped, desc, desc test, dwdwdw, test, test, test, test, test, test data -2, test data-3, test data-4, test data-5, test remarks -please ignore automation script inprogress]</td>
				</tr>
				<tr class='log' status='pass'>
					<td class='status pass' title='pass' alt='pass'><i class='material-icons'>check_circle</i></td>
					<td class='timestamp'>2:09:45 PM</td>
					<td class='step-details'>Sub Department ascending Arrow is clicked</td>
				</tr>
				<tr class='log' status='pass'>
					<td class='status pass' title='pass' alt='pass'><i class='material-icons'>check_circle</i></td>
					<td class='timestamp'>2:09:51 PM</td>
					<td class='step-details'>Sorted List of Sub Department is: [, , , , , , , , , 1, 1, 1, 1, 1, 11PT/STF, 11PT/STF, 11PT/STF, 11PT/STF, 11PT/STF, 12PT/STF, 13, 13PT/STF, 14PT/STF, 14PT/STF, 15PT/STF, 21PT/STF, 22PT/STF, 23PT/STF, 24PT/STF, 24PT/STFWWWWWWWWWWWW, 45, 111, 111, 111, 123, 123, 123, 222, 301, 1111, 1212, 1212, 2323, 6566, 11212, 1234567890, 1234567890WWWWWWWWZZ, 11111111111111111111, A, A, A, A, A, A1, A12, A12, A12, AB, AB, ALL, ALL, ALL, ALL, ALL, ALL, ALL, ALL, AUTOMATIONSAMPLE1, AUTOMATIONSAMPLE2, DDA, DSDSD, EPIP, EWEFEWFE, IE, IT/ITP, IT/ITP, IT/QI, ITCRD, ITP, ITP/E, ITP/IE, ITP/IM, ITP/IM, ITP/IM, ITPPPPPPP, ITQ/IM, JAVA11, NIMTEST098, NONCONFIGDATA, PLATEST1, PLATEST2, PLATEST3, PT/MF2/UT, PT/MF2/UT, PT/MF2/UT1, PT/RP3, PT/STF, QIM, QIM, QIM/IT, QSA, QWQW, ROSMOLSD1, ROSMOLSD2, ROSMOLSD3, ROSMOLSD4, ROSMOLSD5, SDSD, SUBDEPT102/QQ, TESSUBDEPT, TEST, TEST, TEST, TEST, TEST, TEST, TESTDATA, TESTDB2, TESTDEMO, TESTINGTESTINGTESTIN, TESTSORT, TESTSUBDEPT, TESTSUBDEPTLINETWO, TESTSUBDEPTLINETWO, TESTSUBDEPTLINETWO, TESTSUBDEPTLINETWO, U, UUYY, YGWDWGDU, YT]</td>
				</tr>
				<tr class='log' status='pass'>
					<td class='status pass' title='pass' alt='pass'><i class='material-icons'>check_circle</i></td>
					<td class='timestamp'>2:09:51 PM</td>
					<td class='step-details'>Department ascending Arrow is clicked</td>
				</tr>
				<tr class='log' status='pass'>
					<td class='status pass' title='pass' alt='pass'><i class='material-icons'>check_circle</i></td>
					<td class='timestamp'>2:09:57 PM</td>
					<td class='step-details'>Sorted List of Department is: [, , , , , , , , , 1, 1, 1, 1, 4RVF, 11ITGIC, 11ITGIC, 12ITGIC, 13ITGIC, 14ITGIC, 14ITGIC, 15ITGIC, 21ITGIC, 21ITGIC, 22ITGIC, 23ITGIC, 24ITGIC, 24ITGIC, 43, 65, 111, 111, 111, 111, 111, 123, 123, 301, 666, 1111, 1212, 11212, 11212, 12323, 1234567890WWWWWWZZZZ, 11111111111111111111, A, A, A, A, A, A, A, A, A, A12, ALL, ALL, ALL, ALL, ALL, AUTOMATIONSAMPLE1, AUTOMATIONSAMPLE2, DDAD, DEPT102, DEPT405, EFWEFWEF, EFWEFWEF, GDSHD, HHH, IE, IT, IT, IT, ITE, ITGIC, ITGIC, ITGIM, ITGIM, ITP, ITP, ITP, ITP, ITP, ITP, ITQ, JAVA11, NIMTEST098, NONCONFIGDATA, PLATEST1, PLATEST2, PLATEST3, PT/M, PT/M, PT/R, QIM, QIM, QIM, QIM/E, QIM/E, QIM/E, QIM/IT, QWQ, ROSMOLSD1, ROSMOLSD2, ROSMOLSD3, ROSMOLSD4, ROSMOLSD5, SDSD, SDSD, SESWWWZZZZZZZEWWWWWW, TEST, TEST, TEST, TEST, TEST, TESTDATA, TESTDB2, TESTDEMO, TESTDEPARTMENTLINETW, TESTDEPARTMENTLINETW, TESTDEPARTMENTLINETW, TESTDEPARTMENTLINETW, TESTDEPT, TESTDEPT, TESTDEPT, TESTINGTESTINGTESTIN, TESTSORT, UUU, WDQSX, YY]</td>
				</tr>
				<tr class='log' status='pass'>
					<td class='status pass' title='pass' alt='pass'><i class='material-icons'>check_circle</i></td>
					<td class='timestamp'>2:09:57 PM</td>
					<td class='step-details'>Plant ascending Arrow is clicked</td>
				</tr>
				<tr class='log' status='pass'>
					<td class='status pass' title='pass' alt='pass'><i class='material-icons'>check_circle</i></td>
					<td class='timestamp'>2:10:03 PM</td>
					<td class='step-details'>Sorted List of Plant is: [, , , , , , , , , 0001, 0001, 0001, 002, 002, 002, 002, 002, 002, 002, 002, 002, 002, 003, 003, 003, 007, 008, 008, 009, 010, 010, 010, 010, 010, 010, 010, 010, 010, 011, 020, 040, 098, 101, 102, 105, 111, 111, 111, 111, 111, 111, 111, 111, 111, 111, 111, 111, 111, 111, 111, 111, 111, 111, 111, 112, 112, 113, 114, 115, 123, 123, 123, 124, 213, 213, 221, 222, 223, 223, 224, 301, 345, 405, 444, 444, 0450, 456, 0550, 555, 623, 623, 657, 659, 659, 666, 666, 944, 00999, 999, 1000, 1000, 1000, 1000, 1000, 1042, 1042, 1042, 1042, 01044, 1111, 1111, 1211, 1400, 1400, 2010, 2010, 2121, 2222, 2323, 2323, 2323, 3456, 05550, 11111, 11111, 11111, 12345, 34343, 55555, 55555]</td>
				</tr>
				<tr class='log' status='pass'>
					<td class='status pass' title='pass' alt='pass'><i class='material-icons'>check_circle</i></td>
					<td class='timestamp'>2:10:04 PM</td>
					<td class='step-details'>Cost Center Descending Arrow is displayed</td>
				</tr>
				<tr class='log' status='pass'>
					<td class='status pass' title='pass' alt='pass'><i class='material-icons'>check_circle</i></td>
					<td class='timestamp'>2:10:06 PM</td>
					<td class='step-details'>Descending List for Costcenter are: [XE002, WWWWWWWZZZ, TESTTTTTTT, TESTSORT, TESTINGTES, TESTDB2, TESTDATA, TESTCC2405, TESTCC, TEST12345, TEST11111, TEST105, TEST102, TEST101, TEST1, TEST, T102TEST, T101TEST, SHREE123, SD21, ROSMOLSD5, ROSMOLSD4, ROSMOLSD3, ROSMOLSD2, ROSMOLSD1, QWQW, QWER, QWE, QSASA, Q1, PLATEST2, PLATEST2, PLATEST1, NONCONFIGD, NNN, NIMTEST098, JAVA11, HEMANTH, GJDK38939, GIC383939, GFGTRRZZZZ, FKSDK39939, DONTDEL1, DGSHDGSDS, DD, DD, ALL, ALL, ALL, ALL, ALL, ALL, ALL, ALL, ALL, ALL, ABCCCDWADS, ABC, A, A, 1234567891, 12911111, 555967, 555955, 555507, 555245, 120240, 67676, 12332, 12121, 6767, 6576, 5656, 5434, 4545, 3003, 2321, 2222, 2023, 2013, 2010E, 2010, 2010, 2000, 1290, 1244, 1212, 1111, 1111, 1002, 666, 623, 444, 444, 343, 342, 301, 267, 123, 123, 123, 122, 111HHHHHHH, 111, 32, 020, 19, 12, 12, 9UMPLADMIN, 8REPOUMAD, 7PRECLREPO, 6ADMPLRCL, 5CCFORUMAD, 4CCPLAREPO, 3CCPLARCAL, 2CCFORPLA, 1Q1, 1CCALL5RO, 1, 1, , , , , , , , , ]</td>
				</tr>
				<tr class='log' status='pass'>
					<td class='status pass' title='pass' alt='pass'><i class='material-icons'>check_circle</i></td>
					<td class='timestamp'>2:10:09 PM</td>
					<td class='step-details'>Descending List for Description are: [test remarks -please ignore automation script inprogress, test data-5, test data-4, test data-3, test data -2, test, test, test, test, test, dwdwdw, desc test, desc, data 1- all mapped, cdxasZ, automation data, Werk Berlin - Alle Bereiche, Testing 1, Testing, Test auto combi for UM Admin-automation test data, Test auto combi for UM Admin PLA Admin-automation test data, Test auto combi for Reporting UM Admin-automation test data, Test auto combi for Recall Reporting-automation test data, Test auto combi for PLA Reporting-automation test data, Test auto combi for PLA Recall-automation test data, Test auto combi for PLA Admin-automation test data, Test auto combi for PLA Admin Recall-automation test data, Test auto combi for All 5 roles-automation test data, Test DescriptionTwo-automation test data, Test DescriptionTwo-automation test data, Test DescriptionTwo-automation test data, Test DescriptionTwo-automation test data, Test 2, TESTSORT, TEST3, Romanian Transmission NAG3 and FDCT8, PLATEST3, JAVA11 Test, HR AND OPERATIONS, Engineering Operations, DeveloperTesting1, Cyber Security, Created to understand the flow..., , , , , , , , , , , , , , , , , , , , , , , , , , , , , , , , , , , , , , , , , , , , , , , , , , , , , , , , , , , , , , , , , , , , , , , , , , , , , , , , , , , , , , , ]</td>
				</tr>
				<tr class='log' status='pass'>
					<td class='status pass' title='pass' alt='pass'><i class='material-icons'>check_circle</i></td>
					<td class='timestamp'>2:10:11 PM</td>
					<td class='step-details'>Descending List for Sub Department are: [YT, YGWDWGDU, UUYY, U, TESTSUBDEPTLINETWO, TESTSUBDEPTLINETWO, TESTSUBDEPTLINETWO, TESTSUBDEPTLINETWO, TESTSUBDEPT, TESTSORT, TESTINGTESTINGTESTIN, TESTDEMO, TESTDB2, TESTDATA, TEST, TEST, TEST, TEST, TEST, TEST, TESSUBDEPT, SUBDEPT102/QQ, SDSD, ROSMOLSD5, ROSMOLSD4, ROSMOLSD3, ROSMOLSD2, ROSMOLSD1, QWQW, QSA, QIM/IT, QIM, QIM, PT/STF, PT/RP3, PT/MF2/UT1, PT/MF2/UT, PT/MF2/UT, PLATEST3, PLATEST2, PLATEST1, NONCONFIGDATA, NIMTEST098, JAVA11, ITQ/IM, ITPPPPPPP, ITP/IM, ITP/IM, ITP/IM, ITP/IE, ITP/E, ITP, ITCRD, IT/QI, IT/ITP, IT/ITP, IE, EWEFEWFE, EPIP, DSDSD, DDA, AUTOMATIONSAMPLE2, AUTOMATIONSAMPLE1, ALL, ALL, ALL, ALL, ALL, ALL, ALL, ALL, AB, AB, A12, A12, A12, A1, A, A, A, A, A, 11111111111111111111, 1234567890WWWWWWWWZZ, 1234567890, 11212, 6566, 2323, 1212, 1212, 1111, 301, 222, 123, 123, 123, 111, 111, 111, 45, 24PT/STFWWWWWWWWWWWW, 24PT/STF, 23PT/STF, 22PT/STF, 21PT/STF, 15PT/STF, 14PT/STF, 14PT/STF, 13PT/STF, 13, 12PT/STF, 11PT/STF, 11PT/STF, 11PT/STF, 11PT/STF, 11PT/STF, 1, 1, 1, 1, 1, , , , , , , , , ]</td>
				</tr>
				<tr class='log' status='pass'>
					<td class='status pass' title='pass' alt='pass'><i class='material-icons'>check_circle</i></td>
					<td class='timestamp'>2:10:14 PM</td>
					<td class='step-details'>Descending List for Department are: [YY, WDQSX, UUU, TESTSORT, TESTINGTESTINGTESTIN, TESTDEPT, TESTDEPT, TESTDEPT, TESTDEPARTMENTLINETW, TESTDEPARTMENTLINETW, TESTDEPARTMENTLINETW, TESTDEPARTMENTLINETW, TESTDEMO, TESTDB2, TESTDATA, TEST, TEST, TEST, TEST, TEST, SESWWWZZZZZZZEWWWWWW, SDSD, SDSD, ROSMOLSD5, ROSMOLSD4, ROSMOLSD3, ROSMOLSD2, ROSMOLSD1, QWQ, QIM/IT, QIM/E, QIM/E, QIM/E, QIM, QIM, QIM, PT/R, PT/M, PT/M, PLATEST3, PLATEST2, PLATEST1, NONCONFIGDATA, NIMTEST098, JAVA11, ITQ, ITP, ITP, ITP, ITP, ITP, ITP, ITGIM, ITGIM, ITGIC, ITGIC, ITE, IT, IT, IT, IE, HHH, GDSHD, EFWEFWEF, EFWEFWEF, DEPT405, DEPT102, DDAD, AUTOMATIONSAMPLE2, AUTOMATIONSAMPLE1, ALL, ALL, ALL, ALL, ALL, A12, A, A, A, A, A, A, A, A, A, 11111111111111111111, 1234567890WWWWWWZZZZ, 12323, 11212, 11212, 1212, 1111, 666, 301, 123, 123, 111, 111, 111, 111, 111, 65, 43, 24ITGIC, 24ITGIC, 23ITGIC, 22ITGIC, 21ITGIC, 21ITGIC, 15ITGIC, 14ITGIC, 14ITGIC, 13ITGIC, 12ITGIC, 11ITGIC, 11ITGIC, 4RVF, 1, 1, 1, 1, , , , , , , , , ]</td>
				</tr>
				<tr class='log' status='pass'>
					<td class='status pass' title='pass' alt='pass'><i class='material-icons'>check_circle</i></td>
					<td class='timestamp'>2:10:17 PM</td>
					<td class='step-details'>Descending List for Plant are: [999, 944, 666, 666, 659, 659, 657, 623, 623, 55555, 55555, 555, 456, 444, 444, 405, 3456, 345, 34343, 301, 2323, 2323, 2323, 224, 223, 223, 2222, 222, 221, 213, 213, 2121, 2010, 2010, 1400, 1400, 124, 12345, 123, 123, 123, 1211, 115, 114, 113, 112, 112, 11111, 11111, 11111, 1111, 1111, 111, 111, 111, 111, 111, 111, 111, 111, 111, 111, 111, 111, 111, 111, 111, 111, 111, 111, 111, 105, 1042, 1042, 1042, 1042, 102, 101, 1000, 1000, 1000, 1000, 1000, 098, 05550, 0550, 0450, 040, 020, 011, 01044, 010, 010, 010, 010, 010, 010, 010, 010, 010, 00999, 009, 008, 008, 007, 003, 003, 003, 002, 002, 002, 002, 002, 002, 002, 002, 002, 002, 0001, 0001, 0001, , , , , , , , , ]</td>
				</tr>
				<tr class='log' status='pass'>
					<td class='status pass' title='pass' alt='pass'><i class='material-icons'>check_circle</i></td>
					<td class='timestamp'>2:10:17 PM</td>
					<td class='step-details'>Test case Execution completed</td>
				</tr>
			</tbody>
		</table>
	</div>
					</div>
				</li>
				
				
				<li class='test displayed active  pass' status='pass' bdd='false' test-id='9'>
					<div class='test-heading'>
						<span class='test-name'>TestCase4_ValidateFilterOptionInCostCenterScreen</span>
						<span class='test-time'>Jun 20, 2023 02:10:42 PM</span>
						<span class='test-status right pass'>pass</span>
					</div>
					<div class='test-content hide'>
<div class='test-time-info'>
	<span class='label start-time'>Jun 20, 2023 02:10:42 PM</span>
	<span class='label end-time'>Jun 20, 2023 02:10:53 PM</span>
	<span class='label time-taken grey lighten-1 white-text'>0h 0m 10s+664ms</span>
</div>
	<div class='test-steps'>
		<table class='bordered table-results'>
			<thead>
				<tr>
					<th>Status</th>
					<th>Timestamp</th>
					<th>Details</th>
				</tr>
			</thead>
			<tbody>
				<tr class='log' status='info'>
					<td class='status info' title='info' alt='info'><i class='material-icons'>info_outline</i></td>
					<td class='timestamp'>2:10:42 PM</td>
					<td class='step-details'>TestCase4_ValidateFilterOptionInCostCenterScreen Execution Started</td>
				</tr>
				<tr class='log' status='pass'>
					<td class='status pass' title='pass' alt='pass'><i class='material-icons'>check_circle</i></td>
					<td class='timestamp'>2:10:43 PM</td>
					<td class='step-details'>Manage Costcenters button is clicked</td>
				</tr>
				<tr class='log' status='info'>
					<td class='status info' title='info' alt='info'><i class='material-icons'>info_outline</i></td>
					<td class='timestamp'>2:10:43 PM</td>
					<td class='step-details'>Navigated Successfully</td>
				</tr>
				<tr class='log' status='pass'>
					<td class='status pass' title='pass' alt='pass'><i class='material-icons'>check_circle</i></td>
					<td class='timestamp'>2:10:44 PM</td>
					<td class='step-details'>Manage CostCenter screen is displayed successfully</td>
				</tr>
				<tr class='log' status='pass'>
					<td class='status pass' title='pass' alt='pass'><i class='material-icons'>check_circle</i></td>
					<td class='timestamp'>2:10:45 PM</td>
					<td class='step-details'>Scroll is moved to the bottom of the ManageCostcenters Page</td>
				</tr>
				<tr class='log' status='pass'>
					<td class='status pass' title='pass' alt='pass'><i class='material-icons'>check_circle</i></td>
					<td class='timestamp'>2:10:45 PM</td>
					<td class='step-details'>Filter Option is clicked</td>
				</tr>
				<tr class='log' status='pass'>
					<td class='status pass' title='pass' alt='pass'><i class='material-icons'>check_circle</i></td>
					<td class='timestamp'>2:10:47 PM</td>
					<td class='step-details'>The matching values of 33 using filter option in CostCenter are : [12332]</td>
				</tr>
				<tr class='log' status='pass'>
					<td class='status pass' title='pass' alt='pass'><i class='material-icons'>check_circle</i></td>
					<td class='timestamp'>2:10:48 PM</td>
					<td class='step-details'>The matching values of TEST using filter option in Description are : [test remarks -please ignore automation script inprogress, test, test, test, Testing, Test DescriptionTwo-automation test data, Test DescriptionTwo-automation test data, Test DescriptionTwo-automation test data, Test DescriptionTwo-automation test data, Test auto combi for All 5 roles-automation test data, Test auto combi for PLA Admin-automation test data, Test auto combi for PLA Recall-automation test data, Test auto combi for PLA Reporting-automation test data, Test auto combi for UM Admin-automation test data, Test auto combi for PLA Admin Recall-automation test data, Test auto combi for Recall Reporting-automation test data, Test auto combi for Reporting UM Admin-automation test data, Test auto combi for UM Admin PLA Admin-automation test data, PLATEST3, test, DeveloperTesting1, JAVA11 Test, Testing 1, Test 2, TEST3, test data -2, test data-3, test data-4, test data-5, test, desc test, TESTSORT]</td>
				</tr>
				<tr class='log' status='pass'>
					<td class='status pass' title='pass' alt='pass'><i class='material-icons'>check_circle</i></td>
					<td class='timestamp'>2:10:50 PM</td>
					<td class='step-details'>The matching values of TEST using filter option in SubDept are : [TESTDATA, TEST, TEST, TEST, TESTDEMO, TESTSUBDEPTLINETWO, TESTSUBDEPTLINETWO, TESTSUBDEPTLINETWO, TESTSUBDEPTLINETWO, TEST, NIMTEST098, PLATEST1, PLATEST2, PLATEST3, TEST, TEST, TESTSUBDEPT, TESTDB2, TESTINGTESTINGTESTIN, TESTSORT]</td>
				</tr>
				<tr class='log' status='pass'>
					<td class='status pass' title='pass' alt='pass'><i class='material-icons'>check_circle</i></td>
					<td class='timestamp'>2:10:51 PM</td>
					<td class='step-details'>The matching values of IT using filter option in Dept are : [24ITGIC, 21ITGIC, 14ITGIC, ITP, ITQ, ITGIC, ITE, ITP, IT, ITP, QIM/IT, IT, ITP, 11ITGIC, IT, 12ITGIC, 13ITGIC, 14ITGIC, 15ITGIC, 21ITGIC, 22ITGIC, 23ITGIC, 24ITGIC, ITP, ITP, ITGIM, ITGIM, ITGIC, 11ITGIC]</td>
				</tr>
				<tr class='log' status='pass'>
					<td class='status pass' title='pass' alt='pass'><i class='material-icons'>check_circle</i></td>
					<td class='timestamp'>2:10:53 PM</td>
					<td class='step-details'>The matching values of 00 using filter option in Plant are : [00999, 1000, 003, 002, 1000, 002, 003, 002, 002, 002, 002, 002, 1000, 1000, 1000, 002, 1400, 1400, 007, 008, 009, 002, 0001, 003, 0001, 0001, 002, 008]</td>
				</tr>
				<tr class='log' status='pass'>
					<td class='status pass' title='pass' alt='pass'><i class='material-icons'>check_circle</i></td>
					<td class='timestamp'>2:10:53 PM</td>
					<td class='step-details'>Test case Execution completed</td>
				</tr>
			</tbody>
		</table>
	</div>
					</div>
				</li>
				
				
				<li class='test displayed active  pass' status='pass' bdd='false' test-id='10'>
					<div class='test-heading'>
						<span class='test-name'>TestCase5_ValidateAscDescOptionInAddEditCostCenterScreen</span>
						<span class='test-time'>Jun 20, 2023 02:11:17 PM</span>
						<span class='test-status right pass'>pass</span>
					</div>
					<div class='test-content hide'>
<div class='test-time-info'>
	<span class='label start-time'>Jun 20, 2023 02:11:17 PM</span>
	<span class='label end-time'>Jun 20, 2023 02:11:33 PM</span>
	<span class='label time-taken grey lighten-1 white-text'>0h 0m 15s+702ms</span>
</div>
	<div class='test-steps'>
		<table class='bordered table-results'>
			<thead>
				<tr>
					<th>Status</th>
					<th>Timestamp</th>
					<th>Details</th>
				</tr>
			</thead>
			<tbody>
				<tr class='log' status='info'>
					<td class='status info' title='info' alt='info'><i class='material-icons'>info_outline</i></td>
					<td class='timestamp'>2:11:17 PM</td>
					<td class='step-details'>TestCase5_ValidateAscDescOptionInAddEditCostCenterScreen Execution Started</td>
				</tr>
				<tr class='log' status='pass'>
					<td class='status pass' title='pass' alt='pass'><i class='material-icons'>check_circle</i></td>
					<td class='timestamp'>2:11:17 PM</td>
					<td class='step-details'>Manage Costcenters button is clicked</td>
				</tr>
				<tr class='log' status='info'>
					<td class='status info' title='info' alt='info'><i class='material-icons'>info_outline</i></td>
					<td class='timestamp'>2:11:18 PM</td>
					<td class='step-details'>Navigate Successfully</td>
				</tr>
				<tr class='log' status='pass'>
					<td class='status pass' title='pass' alt='pass'><i class='material-icons'>check_circle</i></td>
					<td class='timestamp'>2:11:18 PM</td>
					<td class='step-details'>Clicked on Manage costcenter add button</td>
				</tr>
				<tr class='log' status='pass'>
					<td class='status pass' title='pass' alt='pass'><i class='material-icons'>check_circle</i></td>
					<td class='timestamp'>2:11:20 PM</td>
					<td class='step-details'>Scroll is moved to the bottom of the ManageCostcenters Page</td>
				</tr>
				<tr class='log' status='pass'>
					<td class='status pass' title='pass' alt='pass'><i class='material-icons'>check_circle</i></td>
					<td class='timestamp'>2:11:20 PM</td>
					<td class='step-details'>Manage Add edit cost center screen is displayed</td>
				</tr>
				<tr class='log' status='pass'>
					<td class='status pass' title='pass' alt='pass'><i class='material-icons'>check_circle</i></td>
					<td class='timestamp'>2:11:20 PM</td>
					<td class='step-details'>Database Ascending Arrow is displayed</td>
				</tr>
				<tr class='log' status='pass'>
					<td class='status pass' title='pass' alt='pass'><i class='material-icons'>check_circle</i></td>
					<td class='timestamp'>2:11:24 PM</td>
					<td class='step-details'>Sorted List of Database is: [1, 2, 4, 5, 11, 22, 33, 44, 88, 123, 300, 444, 666, 671, 2001, 2891, 2892, 10022, A12, ASA, ASB88, ASD5, DB JAVA11 TEST, DB SORT, DB1TEST4, DBBERLIN, DBTEST, DBWHYMAPCC, DD, DUPLICATE, EEEE, FFG, GGGGG, HEMANTH, ND2010, NEWDB2023, NIMDB098, NNN, PLATUZA2XAE08, PSEUDO DB TESTING, PSEUDO DB TESTING 1, PSEUDODBTEST, PSEUODODB TESTING1, RRFFF, SHREE, SHREE1, SMTEST, SURABHI, SVTEST1, SVTEST2, TEST, TEST DB, TEST1111, TEST11145, TESTDB, TESTDBR1, TESTDBROSMOLSD2, TESTDBROSMOLSD3, TESTDBROSMOLSD4, TESTDBROSMOLSD5, TESTDBROSMOLSDATABASE1, TESTING DBSUR, TESTING SV, TESTINGDBA, TESTINGMAY5, TESTINGMAYKT, TESTSS, TESTTTTTTTTTTTESTTTTTTTTTTTESTTTTTTTTTTTESTTTTZZTE, TK6XEP41, TRTT, W, WEEXXZ, ZA2IAX, ZA2XAE02, ZA2XAE08, ZA2XAP08, ZA2XAP08 DUMMY, ZA2XAP34, ZA2XAP43]</td>
				</tr>
				<tr class='log' status='pass'>
					<td class='status pass' title='pass' alt='pass'><i class='material-icons'>check_circle</i></td>
					<td class='timestamp'>2:11:25 PM</td>
					<td class='step-details'>Description Ascending Arrow is displayed</td>
				</tr>
				<tr class='log' status='pass'>
					<td class='status pass' title='pass' alt='pass'><i class='material-icons'>check_circle</i></td>
					<td class='timestamp'>2:11:29 PM</td>
					<td class='step-details'>Sorted List of Description is: [, , , , , , , , , , , , , , , , , 32 1 1 1211, 888, 2344, 222222@@@!@!@@@!@!@!@!R4TRFFRCD V, ABC song.. ABCDEFGHIJKLMNOPQRSTUVWXYZ.. abcdefghijklmnopqrstuvwxyz.. number song.. 1234567890.. 0987654321.., Battery DB, Created for flow understanding.. and configure NIMTEST098 combination, DB1TEST, DBTEST new uptated, DBWHYMAPCC 2 test 23 431 543 12 45 65 010 12 23 43 543, DB_BERLIN Test, Description, Dummy Db-automation test data, Entwicklungsdatenbank / Development DB, Entwicklungsdatenbank Berlin / Development DB Berlin, Let me change the description for PRODWEB, NAG3 - Romania, NEWDB2023, PLA Web Database, PSEUDODBTEST 12 test 23 431 543 12 45 65 010 12 23 43 543, TEST, TEST DB, TESTING DBSUR, TESTINGDBA, TESTINGMAY5, Testing, Testing DB, Testing DB and then Manage Costcenter, ZA2XAE02, ZA2XAE08, a, creating one db for testing the sort values present in db tab in request access page in PLA WEB, dd, duplicate, ee, eee, eetest, fjnvg, hemanth, qwwre, rr, rtrdtggg, sdxsdfcf, test, test, test, test, test data-3, test db, test db-2, test db-4 1@@##$$%%^^&&***((( and)))__++~~<<>>,, .. ?? ;; :: "" '' \\ || // special characters {} [] ? ??, test db-5 database testing test data to be tested, database testing test data to be tested, database testing test data to be tested, database testing test data to be tested, database testing test data to be tested, database testing test data to be tested, database testing test data to be tested!!., test@@@@~!"$$%&/()=?`#-_.,mnbvcxy<>QQQqqq@@@^^^^^^^^{[]}\}][{, testing, testing, testing, testing for sorting, trrrr, ujjhjk, wew, www, www]</td>
				</tr>
				<tr class='log' status='pass'>
					<td class='status pass' title='pass' alt='pass'><i class='material-icons'>check_circle</i></td>
					<td class='timestamp'>2:11:30 PM</td>
					<td class='step-details'>Database Descending Arrow is displayed</td>
				</tr>
				<tr class='log' status='pass'>
					<td class='status pass' title='pass' alt='pass'><i class='material-icons'>check_circle</i></td>
					<td class='timestamp'>2:11:31 PM</td>
					<td class='step-details'>Descending List for Database are: [ZA2XAP43, ZA2XAP34, ZA2XAP08 DUMMY, ZA2XAP08, ZA2XAE08, ZA2XAE02, ZA2IAX, WEEXXZ, W, TRTT, TK6XEP41, TESTTTTTTTTTTTESTTTTTTTTTTTESTTTTTTTTTTTESTTTTZZTE, TESTSS, TESTINGMAYKT, TESTINGMAY5, TESTINGDBA, TESTING SV, TESTING DBSUR, TESTDBROSMOLSDATABASE1, TESTDBROSMOLSD5, TESTDBROSMOLSD4, TESTDBROSMOLSD3, TESTDBROSMOLSD2, TESTDBR1, TESTDB, TEST11145, TEST1111, TEST DB, TEST, SVTEST2, SVTEST1, SURABHI, SMTEST, SHREE1, SHREE, RRFFF, PSEUODODB TESTING1, PSEUDODBTEST, PSEUDO DB TESTING 1, PSEUDO DB TESTING, PLATUZA2XAE08, NNN, NIMDB098, NEWDB2023, ND2010, HEMANTH, GGGGG, FFG, EEEE, DUPLICATE, DD, DBWHYMAPCC, DBTEST, DBBERLIN, DB1TEST4, DB SORT, DB JAVA11 TEST, ASD5, ASB88, ASA, A12, 10022, 2892, 2891, 2001, 671, 666, 444, 300, 123, 88, 44, 33, 22, 11, 5, 4, 2, 1]</td>
				</tr>
				<tr class='log' status='pass'>
					<td class='status pass' title='pass' alt='pass'><i class='material-icons'>check_circle</i></td>
					<td class='timestamp'>2:11:33 PM</td>
					<td class='step-details'>Descending List for Description are: [www, www, wew, ujjhjk, trrrr, testing for sorting, testing, testing, testing, test@@@@~!"$$%&/()=?`#-_.,mnbvcxy<>QQQqqq@@@^^^^^^^^{[]}\}][{, test db-5 database testing test data to be tested, database testing test data to be tested, database testing test data to be tested, database testing test data to be tested, database testing test data to be tested, database testing test data to be tested, database testing test data to be tested!!., test db-4 1@@##$$%%^^&&***((( and)))__++~~<<>>,, .. ?? ;; :: "" '' \\ || // special characters {} [] ? ??, test db-2, test db, test data-3, test, test, test, test, sdxsdfcf, rtrdtggg, rr, qwwre, hemanth, fjnvg, eetest, eee, ee, duplicate, dd, creating one db for testing the sort values present in db tab in request access page in PLA WEB, a, ZA2XAE08, ZA2XAE02, Testing DB and then Manage Costcenter, Testing DB, Testing, TESTINGMAY5, TESTINGDBA, TESTING DBSUR, TEST DB, TEST, PSEUDODBTEST 12 test 23 431 543 12 45 65 010 12 23 43 543, PLA Web Database, NEWDB2023, NAG3 - Romania, Let me change the description for PRODWEB, Entwicklungsdatenbank Berlin / Development DB Berlin, Entwicklungsdatenbank / Development DB, Dummy Db-automation test data, Description, DB_BERLIN Test, DBWHYMAPCC 2 test 23 431 543 12 45 65 010 12 23 43 543, DBTEST new uptated, DB1TEST, Created for flow understanding.. and configure NIMTEST098 combination, Battery DB, ABC song.. ABCDEFGHIJKLMNOPQRSTUVWXYZ.. abcdefghijklmnopqrstuvwxyz.. number song.. 1234567890.. 0987654321.., 222222@@@!@!@@@!@!@!@!R4TRFFRCD V, 2344, 888, 32 1 1 1211, , , , , , , , , , , , , , , , , ]</td>
				</tr>
				<tr class='log' status='pass'>
					<td class='status pass' title='pass' alt='pass'><i class='material-icons'>check_circle</i></td>
					<td class='timestamp'>2:11:33 PM</td>
					<td class='step-details'>Test case Execution completed</td>
				</tr>
			</tbody>
		</table>
	</div>
					</div>
				</li>
				
				
				<li class='test displayed active  pass' status='pass' bdd='false' test-id='11'>
					<div class='test-heading'>
						<span class='test-name'>TestCase6_ValidateFilterOptionOfMappedDatabasesInAddEditCostcenterScreen</span>
						<span class='test-time'>Jun 20, 2023 02:11:56 PM</span>
						<span class='test-status right pass'>pass</span>
					</div>
					<div class='test-content hide'>
<div class='test-time-info'>
	<span class='label start-time'>Jun 20, 2023 02:11:56 PM</span>
	<span class='label end-time'>Jun 20, 2023 02:13:00 PM</span>
	<span class='label time-taken grey lighten-1 white-text'>0h 1m 3s+698ms</span>
</div>
	<div class='test-steps'>
		<table class='bordered table-results'>
			<thead>
				<tr>
					<th>Status</th>
					<th>Timestamp</th>
					<th>Details</th>
				</tr>
			</thead>
			<tbody>
				<tr class='log' status='info'>
					<td class='status info' title='info' alt='info'><i class='material-icons'>info_outline</i></td>
					<td class='timestamp'>2:11:56 PM</td>
					<td class='step-details'>TestCase6_ValidateFilterOptionOfMappedDatabasesInAddEditCostcenterScreen Execution Started</td>
				</tr>
				<tr class='log' status='pass'>
					<td class='status pass' title='pass' alt='pass'><i class='material-icons'>check_circle</i></td>
					<td class='timestamp'>2:11:56 PM</td>
					<td class='step-details'>Manage Costcenters button is clicked</td>
				</tr>
				<tr class='log' status='info'>
					<td class='status info' title='info' alt='info'><i class='material-icons'>info_outline</i></td>
					<td class='timestamp'>2:11:56 PM</td>
					<td class='step-details'>Navigate Successfully</td>
				</tr>
				<tr class='log' status='pass'>
					<td class='status pass' title='pass' alt='pass'><i class='material-icons'>check_circle</i></td>
					<td class='timestamp'>2:11:58 PM</td>
					<td class='step-details'>Clicked on Manage costcenter add button</td>
				</tr>
				<tr class='log' status='pass'>
					<td class='status pass' title='pass' alt='pass'><i class='material-icons'>check_circle</i></td>
					<td class='timestamp'>2:11:58 PM</td>
					<td class='step-details'>Filter Option is clicked</td>
				</tr>
				<tr class='log' status='pass'>
					<td class='status pass' title='pass' alt='pass'><i class='material-icons'>check_circle</i></td>
					<td class='timestamp'>2:11:59 PM</td>
					<td class='step-details'>The matching values of X using filter option in Database are :[PLATUZA2XAE08, TK6XEP41, WEEXXZ, ZA2IAX, ZA2XAE02, ZA2XAE08, ZA2XAP08, ZA2XAP08 DUMMY, ZA2XAP34, ZA2XAP43]</td>
				</tr>
				<tr class='log' status='pass'>
					<td class='status pass' title='pass' alt='pass'><i class='material-icons'>check_circle</i></td>
					<td class='timestamp'>2:13:00 PM</td>
					<td class='step-details'>The matching values of 4 using filter option in Description are :[]</td>
				</tr>
				<tr class='log' status='pass'>
					<td class='status pass' title='pass' alt='pass'><i class='material-icons'>check_circle</i></td>
					<td class='timestamp'>2:13:00 PM</td>
					<td class='step-details'>Test case Execution completed</td>
				</tr>
			</tbody>
		</table>
	</div>
					</div>
				</li>
				
				
				<li class='test displayed active  pass' status='pass' bdd='false' test-id='12'>
					<div class='test-heading'>
						<span class='test-name'>TestCase10_ValidateFilterOptionInAddEditDatabasesScreen</span>
						<span class='test-time'>Jun 20, 2023 02:13:23 PM</span>
						<span class='test-status right pass'>pass</span>
					</div>
					<div class='test-content hide'>
<div class='test-time-info'>
	<span class='label start-time'>Jun 20, 2023 02:13:23 PM</span>
	<span class='label end-time'>Jun 20, 2023 02:13:56 PM</span>
	<span class='label time-taken grey lighten-1 white-text'>0h 0m 33s+222ms</span>
</div>
	<div class='test-steps'>
		<table class='bordered table-results'>
			<thead>
				<tr>
					<th>Status</th>
					<th>Timestamp</th>
					<th>Details</th>
				</tr>
			</thead>
			<tbody>
				<tr class='log' status='info'>
					<td class='status info' title='info' alt='info'><i class='material-icons'>info_outline</i></td>
					<td class='timestamp'>2:13:23 PM</td>
					<td class='step-details'>TestCase10_ValidateFilterOptionInAddEditDatabasesScreen Execution Started</td>
				</tr>
				<tr class='log' status='info'>
					<td class='status info' title='info' alt='info'><i class='material-icons'>info_outline</i></td>
					<td class='timestamp'>2:13:23 PM</td>
					<td class='step-details'>Navigation to Manage Database page is successful</td>
				</tr>
				<tr class='log' status='pass'>
					<td class='status pass' title='pass' alt='pass'><i class='material-icons'>check_circle</i></td>
					<td class='timestamp'>2:13:23 PM</td>
					<td class='step-details'>Clicked on Manage costcenter add button</td>
				</tr>
				<tr class='log' status='pass'>
					<td class='status pass' title='pass' alt='pass'><i class='material-icons'>check_circle</i></td>
					<td class='timestamp'>2:13:25 PM</td>
					<td class='step-details'>Filter Option is clicked</td>
				</tr>
				<tr class='log' status='pass'>
					<td class='status pass' title='pass' alt='pass'><i class='material-icons'>check_circle</i></td>
					<td class='timestamp'>2:13:30 PM</td>
					<td class='step-details'>The matching values of 33 using filter option in CostCenter are :[12332]</td>
				</tr>
				<tr class='log' status='pass'>
					<td class='status pass' title='pass' alt='pass'><i class='material-icons'>check_circle</i></td>
					<td class='timestamp'>2:13:37 PM</td>
					<td class='step-details'>The matching values of TEST using filter option in Description are :[test remarks -please ignore automation script inprogress, test, test, test, Testing, Test DescriptionTwo-automation test data, Test DescriptionTwo-automation test data, Test DescriptionTwo-automation test data, Test DescriptionTwo-automation test data, Test auto combi for All 5 roles-automation test data, Test auto combi for PLA Admin-automation test data, Test auto combi for PLA Recall-automation test data, Test auto combi for PLA Reporting-automation test data, Test auto combi for UM Admin-automation test data, Test auto combi for PLA Admin Recall-automation test data, Test auto combi for Recall Reporting-automation test data, Test auto combi for Reporting UM Admin-automation test data, Test auto combi for UM Admin PLA Admin-automation test data, PLATEST3, test, DeveloperTesting1, JAVA11 Test, Testing 1, Test 2, TEST3, test data -2, test data-3, test data-4, test data-5, test, desc test, TESTSORT]</td>
				</tr>
				<tr class='log' status='pass'>
					<td class='status pass' title='pass' alt='pass'><i class='material-icons'>check_circle</i></td>
					<td class='timestamp'>2:13:43 PM</td>
					<td class='step-details'>The matching values of TEST using filter option in SubDept are :[TESTDATA, TEST, TEST, TEST, TESTDEMO, TESTSUBDEPTLINETWO, TESTSUBDEPTLINETWO, TESTSUBDEPTLINETWO, TESTSUBDEPTLINETWO, TEST, NIMTEST098, PLATEST1, PLATEST2, PLATEST3, TEST, TEST, TESTSUBDEPT, TESTDB2, TESTINGTESTINGTESTIN, TESTSORT]</td>
				</tr>
				<tr class='log' status='pass'>
					<td class='status pass' title='pass' alt='pass'><i class='material-icons'>check_circle</i></td>
					<td class='timestamp'>2:13:50 PM</td>
					<td class='step-details'>The matching values of IT using filter option in Dept are :[24ITGIC, 21ITGIC, 14ITGIC, ITP, ITQ, ITGIC, ITE, ITP, IT, ITP, QIM/IT, IT, ITP, 11ITGIC, IT, 12ITGIC, 13ITGIC, 14ITGIC, 15ITGIC, 21ITGIC, 22ITGIC, 23ITGIC, 24ITGIC, ITP, ITP, ITGIM, ITGIM, ITGIC, 11ITGIC]</td>
				</tr>
				<tr class='log' status='pass'>
					<td class='status pass' title='pass' alt='pass'><i class='material-icons'>check_circle</i></td>
					<td class='timestamp'>2:13:56 PM</td>
					<td class='step-details'>The matching values of 00 using filter option in Plant are :[00999, 1000, 003, 002, 1000, 002, 003, 002, 002, 002, 002, 002, 1000, 1000, 1000, 002, 1400, 1400, 007, 008, 009, 002, 0001, 003, 0001, 0001, 002, 008]</td>
				</tr>
				<tr class='log' status='pass'>
					<td class='status pass' title='pass' alt='pass'><i class='material-icons'>check_circle</i></td>
					<td class='timestamp'>2:13:56 PM</td>
					<td class='step-details'>Test case Execution completed</td>
				</tr>
			</tbody>
		</table>
	</div>
					</div>
				</li>
				
				
				<li class='test displayed active  fail' status='fail' bdd='false' test-id='13'>
					<div class='test-heading'>
						<span class='test-name'>TestCase26_ValidateUserActiveOptionInManageUsersScreen</span>
						<span class='test-time'>Jun 20, 2023 02:16:30 PM</span>
						<span class='test-status right fail'>fail</span>
					</div>
					<div class='test-content hide'>
<div class='test-time-info'>
	<span class='label start-time'>Jun 20, 2023 02:16:30 PM</span>
	<span class='label end-time'>Jun 20, 2023 02:18:32 PM</span>
	<span class='label time-taken grey lighten-1 white-text'>0h 2m 1s+912ms</span>
</div>
	<div class='test-steps'>
		<table class='bordered table-results'>
			<thead>
				<tr>
					<th>Status</th>
					<th>Timestamp</th>
					<th>Details</th>
				</tr>
			</thead>
			<tbody>
				<tr class='log' status='info'>
					<td class='status info' title='info' alt='info'><i class='material-icons'>info_outline</i></td>
					<td class='timestamp'>2:16:30 PM</td>
					<td class='step-details'>TestCase26_ValidateUserActiveOptionInManageUsersScreen Execution Started</td>
				</tr>
				<tr class='log' status='fail'>
					<td class='status fail' title='fail' alt='fail'><i class='material-icons'>cancel</i></td>
					<td class='timestamp'>2:18:32 PM</td>
					<td class='step-details'>Waiting for loading symbol to appear -->Expected condition failed: waiting for visibility of Proxy element for: DefaultElementLocator 'By.xpath: //*[text()='Manage Costcenters']' (tried for 40 second(s) with 1000 milliseconds interval)</td>
				</tr>
				<tr class='log' status='info'>
					<td class='status info' title='info' alt='info'><i class='material-icons'>info_outline</i></td>
					<td class='timestamp'>2:18:32 PM</td>
					<td class='step-details'>TestCase26_ValidateUserActiveOptionInManageUsersScreen<img data-featherlight='.//TestCase26_ValidateUserActiveOptionInManageUsersScreen-2023-06-20 02-18-32.png' width='10%' src='.//TestCase26_ValidateUserActiveOptionInManageUsersScreen-2023-06-20 02-18-32.png' data-src='.//TestCase26_ValidateUserActiveOptionInManageUsersScreen-2023-06-20 02-18-32.png'></td>
				</tr>
				<tr class='log' status='fail'>
					<td class='status fail' title='fail' alt='fail'><i class='material-icons'>cancel</i></td>
					<td class='timestamp'>2:18:32 PM</td>
					<td class='step-details'><pre>java.lang.Exception: org.openqa.selenium.TimeoutException: Expected condition failed: waiting for visibility of Proxy element for: DefaultElementLocator 'By.xpath: //*[text()='Manage Costcenters']' (tried for 40 second(s) with 1000 milliseconds interval)
	at com.daimler.plaUM.utilities.PageActions.waitUntilLoadingSymbolAppearsPolling(PageActions.java:659)
	at com.daimler.plaUM.testscripts.ManageUsersTestScripts.TestCase26_ValidateUserActiveOptionInManageUsersScreen(ManageUsersTestScripts.java:181)
	at java.base/jdk.internal.reflect.NativeMethodAccessorImpl.invoke0(Native Method)
	at java.base/jdk.internal.reflect.NativeMethodAccessorImpl.invoke(NativeMethodAccessorImpl.java:77)
	at java.base/jdk.internal.reflect.DelegatingMethodAccessorImpl.invoke(DelegatingMethodAccessorImpl.java:43)
	at java.base/java.lang.reflect.Method.invoke(Method.java:568)
	at org.testng.internal.MethodInvocationHelper.invokeMethod(MethodInvocationHelper.java:124)
	at org.testng.internal.Invoker.invokeMethod(Invoker.java:583)
	at org.testng.internal.Invoker.invokeTestMethod(Invoker.java:719)
	at org.testng.internal.Invoker.invokeTestMethods(Invoker.java:989)
	at org.testng.internal.TestMethodWorker.invokeTestMethods(TestMethodWorker.java:125)
	at org.testng.internal.TestMethodWorker.run(TestMethodWorker.java:109)
	at org.testng.TestRunner.privateRun(TestRunner.java:648)
	at org.testng.TestRunner.run(TestRunner.java:505)
	at org.testng.SuiteRunner.runTest(SuiteRunner.java:455)
	at org.testng.SuiteRunner.runSequentially(SuiteRunner.java:450)
	at org.testng.SuiteRunner.privateRun(SuiteRunner.java:415)
	at org.testng.SuiteRunner.run(SuiteRunner.java:364)
	at org.testng.SuiteRunnerWorker.runSuite(SuiteRunnerWorker.java:52)
	at org.testng.SuiteRunnerWorker.run(SuiteRunnerWorker.java:84)
	at org.testng.TestNG.runSuitesSequentially(TestNG.java:1208)
	at org.testng.TestNG.runSuitesLocally(TestNG.java:1137)
	at org.testng.TestNG.runSuites(TestNG.java:1049)
	at org.testng.TestNG.run(TestNG.java:1017)
	at com.RunConfig.DynamicTestNG.runTestNGTest(DynamicTestNG.java:103)
	at com.RunConfig.DynamicTestNG.main(DynamicTestNG.java:139)
Caused by: org.openqa.selenium.TimeoutException: Expected condition failed: waiting for visibility of Proxy element for: DefaultElementLocator 'By.xpath: //*[text()='Manage Costcenters']' (tried for 40 second(s) with 1000 milliseconds interval)
	at org.openqa.selenium.support.ui.FluentWait.timeoutException(FluentWait.java:263)
	at org.openqa.selenium.support.ui.FluentWait.until(FluentWait.java:231)
	at com.daimler.plaUM.utilities.PageActions.waitUntilLoadingSymbolAppearsPolling(PageActions.java:654)
	... 25 more
Caused by: org.openqa.selenium.NoSuchElementException: no such element: Unable to locate element: {"method":"xpath","selector":"//*[text()='Manage Costcenters']"}
  (Session info: chrome=114.0.5735.134)
For documentation on this error, please visit: https://selenium.dev/exceptions/#no_such_element
Build info: version: '4.0.0', revision: '3a21814679'
System info: host: 'CGSCLXR77192709', ip: '53.206.9.147', os.name: 'Windows 10', os.arch: 'amd64', os.version: '10.0', java.version: '17.0.1'
Driver info: org.openqa.selenium.chrome.ChromeDriver
Command: [3b98fbb556ab0dc344c4e37837ebece6, findElement {using=xpath, value=//*[text()='Manage Costcenters']}]
Capabilities {acceptInsecureCerts: false, browserName: chrome, browserVersion: 114.0.5735.134, chrome: {chromedriverVersion: 113.0.5672.63 (0e1a4471d5ae..., userDataDir: C:\Users\rosmols\AppData\Lo...}, goog:chromeOptions: {debuggerAddress: localhost:59643}, javascriptEnabled: true, networkConnectionEnabled: false, pageLoadStrategy: normal, platform: WINDOWS, platformName: WINDOWS, proxy: Proxy(), se:cdp: ws://localhost:59643/devtoo..., se:cdpVersion: 114.0.5735.134, setWindowRect: true, strictFileInteractability: false, timeouts: {implicit: 0, pageLoad: 300000, script: 30000}, unhandledPromptBehavior: dismiss and notify, webauthn:extension:credBlob: true, webauthn:extension:largeBlob: true, webauthn:extension:minPinLength: true, webauthn:extension:prf: true, webauthn:virtualAuthenticators: true}
Session ID: 3b98fbb556ab0dc344c4e37837ebece6
	at java.base/jdk.internal.reflect.NativeConstructorAccessorImpl.newInstance0(Native Method)
	at java.base/jdk.internal.reflect.NativeConstructorAccessorImpl.newInstance(NativeConstructorAccessorImpl.java:77)
	at java.base/jdk.internal.reflect.DelegatingConstructorAccessorImpl.newInstance(DelegatingConstructorAccessorImpl.java:45)
	at java.base/java.lang.reflect.Constructor.newInstanceWithCaller(Constructor.java:499)
	at java.base/java.lang.reflect.Constructor.newInstance(Constructor.java:480)
	at org.openqa.selenium.remote.codec.w3c.W3CHttpResponseCodec.createException(W3CHttpResponseCodec.java:200)
	at org.openqa.selenium.remote.codec.w3c.W3CHttpResponseCodec.decode(W3CHttpResponseCodec.java:133)
	at org.openqa.selenium.remote.codec.w3c.W3CHttpResponseCodec.decode(W3CHttpResponseCodec.java:53)
	at org.openqa.selenium.remote.HttpCommandExecutor.execute(HttpCommandExecutor.java:184)
	at org.openqa.selenium.remote.service.DriverCommandExecutor.invokeExecute(DriverCommandExecutor.java:164)
	at org.openqa.selenium.remote.service.DriverCommandExecutor.execute(DriverCommandExecutor.java:139)
	at org.openqa.selenium.remote.RemoteWebDriver.execute(RemoteWebDriver.java:559)
	at org.openqa.selenium.remote.ElementLocation$ElementFinder$2.findElement(ElementLocation.java:162)
	at org.openqa.selenium.remote.ElementLocation.findElement(ElementLocation.java:60)
	at org.openqa.selenium.remote.RemoteWebDriver.findElement(RemoteWebDriver.java:383)
	at org.openqa.selenium.remote.RemoteWebDriver.findElement(RemoteWebDriver.java:375)
	at org.openqa.selenium.support.pagefactory.DefaultElementLocator.findElement(DefaultElementLocator.java:70)
	at org.openqa.selenium.support.pagefactory.internal.LocatingElementHandler.invoke(LocatingElementHandler.java:39)
	at jdk.proxy2/jdk.proxy2.$Proxy19.isDisplayed(Unknown Source)
	at org.openqa.selenium.support.ui.ExpectedConditions.elementIfVisible(ExpectedConditions.java:307)
	at org.openqa.selenium.support.ui.ExpectedConditions.access$000(ExpectedConditions.java:40)
	at org.openqa.selenium.support.ui.ExpectedConditions$10.apply(ExpectedConditions.java:293)
	at org.openqa.selenium.support.ui.ExpectedConditions$10.apply(ExpectedConditions.java:290)
	at org.openqa.selenium.support.ui.FluentWait.until(FluentWait.java:208)
	... 26 more
</pre></td>
				</tr>
			</tbody>
		</table>
	</div>
					</div>
				</li>
			</ul>
		</div>
	</div>
	<!-- subview left -->

	<div class='subview-right left'>
		<div class='view-summary'>
			<h5 class='test-name'></h5>

			<div id='step-filters' class="right">
				<span class="blue-text" status="info" alt="info" title="info"><i class="material-icons">info_outline</i></span>
				<span class="green-text" status="pass" alt="pass" title="pass"><i class="material-icons">check_circle</i></span>
				<span class="red-text" status="fail" alt="fail" title="fail"><i class="material-icons">cancel</i></span>
				<span class="red-text text-darken-4" status="fatal" alt="fatal" title="fatal"><i class="material-icons">cancel</i></span>
				<span class="pink-text text-lighten-1" status="error" alt="error" title="error"><i class="material-icons">error</i></span>
				<span class="orange-text" alt="warning" status="warning" title="warning"><i class="material-icons">warning</i></span>
				<span class="teal-text" status="skip" alt="skip" title="skip"><i class="material-icons">redo</i></span>
				<span status="clear" alt="Clear filters" title="Clear filters"><i class="material-icons">clear</i></span>
			</div>
		</div>
	</div>
	<!-- subview right -->

</div>
<!-- test view -->
<!-- category view -->
<div id='exception-view' class='view hide'>

    <section id='controls'>
        <div class='controls grey lighten-4'>
            <!-- search -->
            <div class='chip transparent' alt='Search Tests' title='Search Tests'>
                <a href="#" class='search-div'>
                    <i class='material-icons'>search</i> Search
                </a>

                <div class='input-field left hide'>
                    <input id='search-tests' type='text' class='validate browser-default' placeholder='Search Tests...'>
                </div>

            </div>
            <!-- search -->
        </div>
    </section>

    <div class='subview-left left'>

        <div class='view-summary'>
            <h5>Exceptions</h3>
                <ul id='exception-collection' class='exception-collection'>

                        <li class='exception displayed active'>
                            <div class='exception-heading'>
                                <span class='exception-name'>java.lang.AssertionError</span>
                                <span class='exception-count right'><span class='label red lighten-1 white-text'>1</span></span>
                            </div>
                            <div class='exception-content hide'>
                                <div class='exception-tests'>
                                    <table class='bordered table-results'>
                                        <thead>
                                        <tr>
                                            <th>Timestamp</th>
                                            <th>TestName</th>
                                            <th>Status</th>
                                        </tr>
                                        </thead>
                                        <tbody>
                                                    <tr>
                                                        <td>Jun 20, 2023 02:08:36 PM</td>
                                                        <td class='linked' test-id='6'>TestCase24_ValidateUMAdminAccessInUMScreen</td>
                                                        <td><pre><pre>java.lang.AssertionError: expected [ PLA_UM-ADMIN] but found [ PLA_UM-SUPERADMIN]
	at org.testng.Assert.fail(Assert.java:96)
	at org.testng.Assert.failNotEquals(Assert.java:776)
	at org.testng.Assert.assertEqualsImpl(Assert.java:137)
	at org.testng.Assert.assertEquals(Assert.java:118)
	at org.testng.Assert.assertEquals(Assert.java:453)
	at org.testng.Assert.assertEquals(Assert.java:463)
	at com.daimler.plaUM.testscripts.ManageCostCenterTestScripts.TestCase24_ValidateUMAdminAccessInUMScreen(ManageCostCenterTestScripts.java:894)
	at java.base/jdk.internal.reflect.NativeMethodAccessorImpl.invoke0(Native Method)
	at java.base/jdk.internal.reflect.NativeMethodAccessorImpl.invoke(NativeMethodAccessorImpl.java:77)
	at java.base/jdk.internal.reflect.DelegatingMethodAccessorImpl.invoke(DelegatingMethodAccessorImpl.java:43)
	at java.base/java.lang.reflect.Method.invoke(Method.java:568)
	at org.testng.internal.MethodInvocationHelper.invokeMethod(MethodInvocationHelper.java:124)
	at org.testng.internal.Invoker.invokeMethod(Invoker.java:583)
	at org.testng.internal.Invoker.invokeTestMethod(Invoker.java:719)
	at org.testng.internal.Invoker.invokeTestMethods(Invoker.java:989)
	at org.testng.internal.TestMethodWorker.invokeTestMethods(TestMethodWorker.java:125)
	at org.testng.internal.TestMethodWorker.run(TestMethodWorker.java:109)
	at org.testng.TestRunner.privateRun(TestRunner.java:648)
	at org.testng.TestRunner.run(TestRunner.java:505)
	at org.testng.SuiteRunner.runTest(SuiteRunner.java:455)
	at org.testng.SuiteRunner.runSequentially(SuiteRunner.java:450)
	at org.testng.SuiteRunner.privateRun(SuiteRunner.java:415)
	at org.testng.SuiteRunner.run(SuiteRunner.java:364)
	at org.testng.SuiteRunnerWorker.runSuite(SuiteRunnerWorker.java:52)
	at org.testng.SuiteRunnerWorker.run(SuiteRunnerWorker.java:84)
	at org.testng.TestNG.runSuitesSequentially(TestNG.java:1208)
	at org.testng.TestNG.runSuitesLocally(TestNG.java:1137)
	at org.testng.TestNG.runSuites(TestNG.java:1049)
	at org.testng.TestNG.run(TestNG.java:1017)
	at com.RunConfig.DynamicTestNG.runTestNGTest(DynamicTestNG.java:103)
	at com.RunConfig.DynamicTestNG.main(DynamicTestNG.java:139)
</pre></pre></td>
                                                    </tr>
                                        </tbody>
                                    </table>
                                </div>
                            </div>
                        </li>
                        <li class='exception displayed active'>
                            <div class='exception-heading'>
                                <span class='exception-name'>java.lang.Exception</span>
                                <span class='exception-count right'><span class='label red lighten-1 white-text'>1</span></span>
                            </div>
                            <div class='exception-content hide'>
                                <div class='exception-tests'>
                                    <table class='bordered table-results'>
                                        <thead>
                                        <tr>
                                            <th>Timestamp</th>
                                            <th>TestName</th>
                                            <th>Status</th>
                                        </tr>
                                        </thead>
                                        <tbody>
                                                    <tr>
                                                        <td>Jun 20, 2023 02:16:30 PM</td>
                                                        <td class='linked' test-id='13'>TestCase26_ValidateUserActiveOptionInManageUsersScreen</td>
                                                        <td><pre><pre>java.lang.Exception: org.openqa.selenium.TimeoutException: Expected condition failed: waiting for visibility of Proxy element for: DefaultElementLocator 'By.xpath: //*[text()='Manage Costcenters']' (tried for 40 second(s) with 1000 milliseconds interval)
	at com.daimler.plaUM.utilities.PageActions.waitUntilLoadingSymbolAppearsPolling(PageActions.java:659)
	at com.daimler.plaUM.testscripts.ManageUsersTestScripts.TestCase26_ValidateUserActiveOptionInManageUsersScreen(ManageUsersTestScripts.java:181)
	at java.base/jdk.internal.reflect.NativeMethodAccessorImpl.invoke0(Native Method)
	at java.base/jdk.internal.reflect.NativeMethodAccessorImpl.invoke(NativeMethodAccessorImpl.java:77)
	at java.base/jdk.internal.reflect.DelegatingMethodAccessorImpl.invoke(DelegatingMethodAccessorImpl.java:43)
	at java.base/java.lang.reflect.Method.invoke(Method.java:568)
	at org.testng.internal.MethodInvocationHelper.invokeMethod(MethodInvocationHelper.java:124)
	at org.testng.internal.Invoker.invokeMethod(Invoker.java:583)
	at org.testng.internal.Invoker.invokeTestMethod(Invoker.java:719)
	at org.testng.internal.Invoker.invokeTestMethods(Invoker.java:989)
	at org.testng.internal.TestMethodWorker.invokeTestMethods(TestMethodWorker.java:125)
	at org.testng.internal.TestMethodWorker.run(TestMethodWorker.java:109)
	at org.testng.TestRunner.privateRun(TestRunner.java:648)
	at org.testng.TestRunner.run(TestRunner.java:505)
	at org.testng.SuiteRunner.runTest(SuiteRunner.java:455)
	at org.testng.SuiteRunner.runSequentially(SuiteRunner.java:450)
	at org.testng.SuiteRunner.privateRun(SuiteRunner.java:415)
	at org.testng.SuiteRunner.run(SuiteRunner.java:364)
	at org.testng.SuiteRunnerWorker.runSuite(SuiteRunnerWorker.java:52)
	at org.testng.SuiteRunnerWorker.run(SuiteRunnerWorker.java:84)
	at org.testng.TestNG.runSuitesSequentially(TestNG.java:1208)
	at org.testng.TestNG.runSuitesLocally(TestNG.java:1137)
	at org.testng.TestNG.runSuites(TestNG.java:1049)
	at org.testng.TestNG.run(TestNG.java:1017)
	at com.RunConfig.DynamicTestNG.runTestNGTest(DynamicTestNG.java:103)
	at com.RunConfig.DynamicTestNG.main(DynamicTestNG.java:139)
Caused by: org.openqa.selenium.TimeoutException: Expected condition failed: waiting for visibility of Proxy element for: DefaultElementLocator 'By.xpath: //*[text()='Manage Costcenters']' (tried for 40 second(s) with 1000 milliseconds interval)
	at org.openqa.selenium.support.ui.FluentWait.timeoutException(FluentWait.java:263)
	at org.openqa.selenium.support.ui.FluentWait.until(FluentWait.java:231)
	at com.daimler.plaUM.utilities.PageActions.waitUntilLoadingSymbolAppearsPolling(PageActions.java:654)
	... 25 more
Caused by: org.openqa.selenium.NoSuchElementException: no such element: Unable to locate element: {"method":"xpath","selector":"//*[text()='Manage Costcenters']"}
  (Session info: chrome=114.0.5735.134)
For documentation on this error, please visit: https://selenium.dev/exceptions/#no_such_element
Build info: version: '4.0.0', revision: '3a21814679'
System info: host: 'CGSCLXR77192709', ip: '53.206.9.147', os.name: 'Windows 10', os.arch: 'amd64', os.version: '10.0', java.version: '17.0.1'
Driver info: org.openqa.selenium.chrome.ChromeDriver
Command: [3b98fbb556ab0dc344c4e37837ebece6, findElement {using=xpath, value=//*[text()='Manage Costcenters']}]
Capabilities {acceptInsecureCerts: false, browserName: chrome, browserVersion: 114.0.5735.134, chrome: {chromedriverVersion: 113.0.5672.63 (0e1a4471d5ae..., userDataDir: C:\Users\rosmols\AppData\Lo...}, goog:chromeOptions: {debuggerAddress: localhost:59643}, javascriptEnabled: true, networkConnectionEnabled: false, pageLoadStrategy: normal, platform: WINDOWS, platformName: WINDOWS, proxy: Proxy(), se:cdp: ws://localhost:59643/devtoo..., se:cdpVersion: 114.0.5735.134, setWindowRect: true, strictFileInteractability: false, timeouts: {implicit: 0, pageLoad: 300000, script: 30000}, unhandledPromptBehavior: dismiss and notify, webauthn:extension:credBlob: true, webauthn:extension:largeBlob: true, webauthn:extension:minPinLength: true, webauthn:extension:prf: true, webauthn:virtualAuthenticators: true}
Session ID: 3b98fbb556ab0dc344c4e37837ebece6
	at java.base/jdk.internal.reflect.NativeConstructorAccessorImpl.newInstance0(Native Method)
	at java.base/jdk.internal.reflect.NativeConstructorAccessorImpl.newInstance(NativeConstructorAccessorImpl.java:77)
	at java.base/jdk.internal.reflect.DelegatingConstructorAccessorImpl.newInstance(DelegatingConstructorAccessorImpl.java:45)
	at java.base/java.lang.reflect.Constructor.newInstanceWithCaller(Constructor.java:499)
	at java.base/java.lang.reflect.Constructor.newInstance(Constructor.java:480)
	at org.openqa.selenium.remote.codec.w3c.W3CHttpResponseCodec.createException(W3CHttpResponseCodec.java:200)
	at org.openqa.selenium.remote.codec.w3c.W3CHttpResponseCodec.decode(W3CHttpResponseCodec.java:133)
	at org.openqa.selenium.remote.codec.w3c.W3CHttpResponseCodec.decode(W3CHttpResponseCodec.java:53)
	at org.openqa.selenium.remote.HttpCommandExecutor.execute(HttpCommandExecutor.java:184)
	at org.openqa.selenium.remote.service.DriverCommandExecutor.invokeExecute(DriverCommandExecutor.java:164)
	at org.openqa.selenium.remote.service.DriverCommandExecutor.execute(DriverCommandExecutor.java:139)
	at org.openqa.selenium.remote.RemoteWebDriver.execute(RemoteWebDriver.java:559)
	at org.openqa.selenium.remote.ElementLocation$ElementFinder$2.findElement(ElementLocation.java:162)
	at org.openqa.selenium.remote.ElementLocation.findElement(ElementLocation.java:60)
	at org.openqa.selenium.remote.RemoteWebDriver.findElement(RemoteWebDriver.java:383)
	at org.openqa.selenium.remote.RemoteWebDriver.findElement(RemoteWebDriver.java:375)
	at org.openqa.selenium.support.pagefactory.DefaultElementLocator.findElement(DefaultElementLocator.java:70)
	at org.openqa.selenium.support.pagefactory.internal.LocatingElementHandler.invoke(LocatingElementHandler.java:39)
	at jdk.proxy2/jdk.proxy2.$Proxy19.isDisplayed(Unknown Source)
	at org.openqa.selenium.support.ui.ExpectedConditions.elementIfVisible(ExpectedConditions.java:307)
	at org.openqa.selenium.support.ui.ExpectedConditions.access$000(ExpectedConditions.java:40)
	at org.openqa.selenium.support.ui.ExpectedConditions$10.apply(ExpectedConditions.java:293)
	at org.openqa.selenium.support.ui.ExpectedConditions$10.apply(ExpectedConditions.java:290)
	at org.openqa.selenium.support.ui.FluentWait.until(FluentWait.java:208)
	... 26 more
</pre></pre></td>
                                                    </tr>
                                        </tbody>
                                    </table>
                                </div>
                            </div>
                        </li>
                </ul>
        </div>
    </div>

    <div class='subview-right left'>
        <div class='view-summary'>
            <h5 class='exception-name'></h5>
        </div>
    </div>
</div>
<!-- exception view -->
<div id='dashboard-view' class='view hide'>
	<div class='card-panel transparent np-v'>
		<h5>Dashboard</h5>

		<div class='row'>
			<div class='col s2'>
				<div class='card-panel r'>
					Tests
					<div class='panel-lead'>13</div>
				</div>
			</div>
			<div class='col s2'>
				<div class='card-panel r'>
					Steps
					<div class='panel-lead'>232</div>
				</div>
			</div>
			<div class='col s2'>
				<div class='card-panel r'>
					Start
					<div class='panel-lead'>Jun 20, 2023 02:00:27 PM</div>
				</div>
			</div>
			<div class='col s2'>
				<div class='card-panel r'>
			 		End
			 		<div class='panel-lead'>Jun 20, 2023 02:18:32 PM</div>
				</div>
			</div>
			<div class='col s2'>
				<div class='card-panel r'>
					Time Taken
					<div class='panel-lead'>0h 18m 4s+983ms</div>
				</div>
			</div>
		</div>
	</div>
</div>
<!-- dashboard view -->
<!-- testrunner-logs view -->
		</div>
		<!-- container -->

		<script>
			var statusGroup = {
				passParent: 11,
				failParent: 2,
				fatalParent: 0,
				errorParent: 0,
				warningParent: 0,
				skipParent: 0,
				exceptionsParent: 2,
				
				passChild: 205,
				failChild: 3,
				fatalChild: 0,
				errorChild: 0,
				warningChild: 0,
				skipChild: 0,
				infoChild: 24,
				exceptionsChild: 3,
				
				passGrandChild: 0,
				failGrandChild: 0,
				fatalGrandChild: 0,
				errorGrandChild: 0,
				warningGrandChild: 0,
				skipGrandChild: 0,
				infoGrandChild: 0,
				exceptionsGrandChild: 0,
			};
		</script>
		
			<script src='https://cdn.rawgit.com/anshooarora/extentreports-java/fca20fb7653aade98810546ab96a2a4360e3e712/dist/js/extent.js' type='text/javascript'></script>
		
		
 		<script type='text/javascript'>
 		</script>
	</body>
	
</html>
