<?xml version="1.0" encoding="UTF-8"?>
<testng-results ignored="0" total="1" passed="1" failed="0" skipped="0">
  <reporter-output>
  </reporter-output>
  <suite started-at="2023-11-29T07:49:29Z" name="Suite" finished-at="2023-11-29T07:49:53Z" duration-ms="24041">
    <groups>
      <group name="SmokeTest">
        <method signature="ManageCostCenterTestScripts.TestCase001_ValidateDashboardPage()[pri:0, instance:com.testscripts.ManageCostCenterTestScripts@324a0017]" name="TestCase001_ValidateDashboardPage" class="com.testscripts.ManageCostCenterTestScripts"/>
      </group> <!-- SmokeTest -->
    </groups>
    <test started-at="2023-11-29T07:49:29Z" name="mytest" finished-at="2023-11-29T07:49:53Z" duration-ms="24041">
      <class name="com.testscripts.ManageCostCenterTestScripts">
        <test-method is-config="true" signature="extentreportCreation()[pri:0, instance:com.testscripts.ManageCostCenterTestScripts@324a0017]" started-at="2023-11-29T07:49:29Z" name="extentreportCreation" finished-at="2023-11-29T07:49:29Z" duration-ms="218" status="PASS">
          <reporter-output>
          </reporter-output>
        </test-method> <!-- extentreportCreation -->
        <test-method is-config="true" signature="startBrowser(java.lang.String, java.lang.String, java.lang.String, java.lang.String, java.lang.String, java.lang.String, java.lang.String)[pri:0, instance:com.testscripts.ManageCostCenterTestScripts@324a0017]" started-at="2023-11-29T07:49:29Z" name="startBrowser" finished-at="2023-11-29T07:49:51Z" duration-ms="21618" status="PASS">
          <params>
            <param index="0">
              <value>
                <![CDATA[chrome]]>
              </value>
            </param>
            <param index="1">
              <value>
                <![CDATA[En]]>
              </value>
            </param>
            <param index="2">
              <value>
                <![CDATA[TI]]>
              </value>
            </param>
            <param index="3">
              <value>
                <![CDATA[local]]>
              </value>
            </param>
            <param index="4">
              <value>
                <![CDATA[onFail]]>
              </value>
            </param>
            <param index="5">
              <value>
                <![CDATA[ibm.mol_s@mercedes-benz.com]]>
              </value>
            </param>
            <param index="6">
              <value>
                <![CDATA[ibm.mol_s@mercedes-benz.com]]>
              </value>
            </param>
          </params>
          <reporter-output>
          </reporter-output>
        </test-method> <!-- startBrowser -->
        <test-method signature="TestCase001_ValidateDashboardPage()[pri:0, instance:com.testscripts.ManageCostCenterTestScripts@324a0017]" started-at="2023-11-29T07:49:51Z" name="TestCase001_ValidateDashboardPage" finished-at="2023-11-29T07:49:52Z" duration-ms="1235" status="PASS">
          <reporter-output>
          </reporter-output>
        </test-method> <!-- TestCase001_ValidateDashboardPage -->
        <test-method is-config="true" signature="tearDown()[pri:0, instance:com.testscripts.ManageCostCenterTestScripts@324a0017]" started-at="2023-11-29T07:49:52Z" name="tearDown" finished-at="2023-11-29T07:49:53Z" duration-ms="1167" status="PASS">
          <reporter-output>
          </reporter-output>
        </test-method> <!-- tearDown -->
        <test-method is-config="true" signature="SendReport(java.lang.String, java.lang.String)[pri:0, instance:com.testscripts.ManageCostCenterTestScripts@324a0017]" started-at="2023-11-29T07:49:53Z" name="SendReport" finished-at="2023-11-29T07:49:53Z" duration-ms="1" status="PASS">
          <params>
            <param index="0">
              <value>
                <![CDATA[local]]>
              </value>
            </param>
            <param index="1">
              <value>
                <![CDATA[ibm.mol_s@mercedes-benz.com]]>
              </value>
            </param>
          </params>
          <reporter-output>
          </reporter-output>
        </test-method> <!-- SendReport -->
      </class> <!-- com.testscripts.ManageCostCenterTestScripts -->
    </test> <!-- mytest -->
  </suite> <!-- Suite -->
</testng-results>
